0 info it worked if it ends with ok
1 verbose cli [ '/usr/bin/node',
1 verbose cli   '/usr/bin/npm',
1 verbose cli   'install',
1 verbose cli   '--save',
1 verbose cli   'firebase-admin' ]
2 info using npm@3.5.2
3 info using node@v8.10.0
4 silly loadCurrentTree Starting
5 silly install loadCurrentTree
6 silly install readLocalPackageData
7 silly fetchPackageMetaData firebase-admin
8 silly fetchNamedPackageData firebase-admin
9 silly mapToRegistry name firebase-admin
10 silly mapToRegistry using default registry
11 silly mapToRegistry registry https://registry.npmjs.org/
12 silly mapToRegistry uri https://registry.npmjs.org/firebase-admin
13 verbose request uri https://registry.npmjs.org/firebase-admin
14 verbose request no auth needed
15 info attempt registry request try #1 at 00:06:37
16 verbose request id ecb2d1c14b0b2acf
17 verbose etag W/"724fb49d72c82c49d39b2ffbe3c1421d"
18 verbose lastModified Fri, 08 May 2020 17:32:01 GMT
19 http request GET https://registry.npmjs.org/firebase-admin
20 http 304 https://registry.npmjs.org/firebase-admin
21 verbose headers { date: 'Wed, 13 May 2020 03:06:37 GMT',
21 verbose headers   connection: 'keep-alive',
21 verbose headers   'set-cookie':
21 verbose headers    [ '__cfduid=d473b9214bb01e875d038931d03b5a3521589339197; expires=Fri, 12-Jun-20 03:06:37 GMT; path=/; domain=.npmjs.org; HttpOnly; SameSite=Lax' ],
21 verbose headers   'cf-ray': '59292a21ecd1d06a-CWB',
21 verbose headers   age: '1719',
21 verbose headers   'cache-control': 'public, max-age=300',
21 verbose headers   etag: '"724fb49d72c82c49d39b2ffbe3c1421d"',
21 verbose headers   'last-modified': 'Fri, 08 May 2020 17:32:01 GMT',
21 verbose headers   vary: 'Accept-Encoding',
21 verbose headers   'cf-cache-status': 'HIT',
21 verbose headers   'expect-ct': 'max-age=604800, report-uri="https://report-uri.cloudflare.com/cdn-cgi/beacon/expect-ct"',
21 verbose headers   server: 'cloudflare',
21 verbose headers   'cf-request-id': '02ad98a9330000d06a74a6e200000001' }
22 silly get cb [ 304,
22 silly get   { date: 'Wed, 13 May 2020 03:06:37 GMT',
22 silly get     connection: 'keep-alive',
22 silly get     'set-cookie':
22 silly get      [ '__cfduid=d473b9214bb01e875d038931d03b5a3521589339197; expires=Fri, 12-Jun-20 03:06:37 GMT; path=/; domain=.npmjs.org; HttpOnly; SameSite=Lax' ],
22 silly get     'cf-ray': '59292a21ecd1d06a-CWB',
22 silly get     age: '1719',
22 silly get     'cache-control': 'public, max-age=300',
22 silly get     etag: '"724fb49d72c82c49d39b2ffbe3c1421d"',
22 silly get     'last-modified': 'Fri, 08 May 2020 17:32:01 GMT',
22 silly get     vary: 'Accept-Encoding',
22 silly get     'cf-cache-status': 'HIT',
22 silly get     'expect-ct': 'max-age=604800, report-uri="https://report-uri.cloudflare.com/cdn-cgi/beacon/expect-ct"',
22 silly get     server: 'cloudflare',
22 silly get     'cf-request-id': '02ad98a9330000d06a74a6e200000001' } ]
23 verbose etag https://registry.npmjs.org/firebase-admin from cache
24 verbose get saving firebase-admin to /home/hmjussani/.npm/registry.npmjs.org/firebase-admin/.cache.json
25 silly install normalizeTree
26 silly loadCurrentTree Finishing
27 silly loadIdealTree Starting
28 silly install loadIdealTree
29 silly cloneCurrentTree Starting
30 silly install cloneCurrentTreeToIdealTree
31 silly cloneCurrentTree Finishing
32 silly loadShrinkwrap Starting
33 silly install loadShrinkwrap
34 silly loadShrinkwrap Finishing
35 silly loadAllDepsIntoIdealTree Starting
36 silly install loadAllDepsIntoIdealTree
37 silly resolveWithNewModule firebase-admin@8.12.1 checking installable status
38 silly cache add args [ 'firebase-admin', null ]
39 verbose cache add spec firebase-admin
40 silly cache add parsed spec Result {
40 silly cache add   raw: 'firebase-admin',
40 silly cache add   scope: null,
40 silly cache add   name: 'firebase-admin',
40 silly cache add   rawSpec: '',
40 silly cache add   spec: 'latest',
40 silly cache add   type: 'tag' }
41 silly addNamed firebase-admin@latest
42 verbose addNamed "latest" is being treated as a dist-tag for firebase-admin
43 info addNameTag [ 'firebase-admin', 'latest' ]
44 silly mapToRegistry name firebase-admin
45 silly mapToRegistry using default registry
46 silly mapToRegistry registry https://registry.npmjs.org/
47 silly mapToRegistry uri https://registry.npmjs.org/firebase-admin
48 verbose addNameTag registry:https://registry.npmjs.org/firebase-admin not in flight; fetching
49 verbose get https://registry.npmjs.org/firebase-admin not expired, no request
50 silly addNameTag next cb for firebase-admin with tag latest
51 silly addNamed firebase-admin@8.12.1
52 verbose addNamed "8.12.1" is a plain semver version for firebase-admin
53 silly cache afterAdd firebase-admin@8.12.1
54 verbose afterAdd /home/hmjussani/.npm/firebase-admin/8.12.1/package/package.json not in flight; writing
55 verbose afterAdd /home/hmjussani/.npm/firebase-admin/8.12.1/package/package.json written
56 silly fetchNamedPackageData @types/node
57 silly mapToRegistry name @types/node
58 silly mapToRegistry scope (from package name) @types
59 verbose mapToRegistry no registry URL found in name for scope @types
60 silly mapToRegistry using default registry
61 silly mapToRegistry registry https://registry.npmjs.org/
62 silly mapToRegistry uri https://registry.npmjs.org/@types%2fnode
63 silly fetchNamedPackageData dicer
64 silly mapToRegistry name dicer
65 silly mapToRegistry using default registry
66 silly mapToRegistry registry https://registry.npmjs.org/
67 silly mapToRegistry uri https://registry.npmjs.org/dicer
68 silly fetchNamedPackageData jsonwebtoken
69 silly mapToRegistry name jsonwebtoken
70 silly mapToRegistry using default registry
71 silly mapToRegistry registry https://registry.npmjs.org/
72 silly mapToRegistry uri https://registry.npmjs.org/jsonwebtoken
73 silly fetchNamedPackageData node-forge
74 silly mapToRegistry name node-forge
75 silly mapToRegistry using default registry
76 silly mapToRegistry registry https://registry.npmjs.org/
77 silly mapToRegistry uri https://registry.npmjs.org/node-forge
78 silly fetchNamedPackageData @google-cloud/firestore
79 silly mapToRegistry name @google-cloud/firestore
80 silly mapToRegistry scope (from package name) @google-cloud
81 verbose mapToRegistry no registry URL found in name for scope @google-cloud
82 silly mapToRegistry using default registry
83 silly mapToRegistry registry https://registry.npmjs.org/
84 silly mapToRegistry uri https://registry.npmjs.org/@google-cloud%2ffirestore
85 silly fetchNamedPackageData @google-cloud/storage
86 silly mapToRegistry name @google-cloud/storage
87 silly mapToRegistry scope (from package name) @google-cloud
88 verbose mapToRegistry no registry URL found in name for scope @google-cloud
89 silly mapToRegistry using default registry
90 silly mapToRegistry registry https://registry.npmjs.org/
91 silly mapToRegistry uri https://registry.npmjs.org/@google-cloud%2fstorage
92 verbose request uri https://registry.npmjs.org/dicer
93 verbose request no auth needed
94 info attempt registry request try #1 at 00:06:38
95 verbose etag W/"a62193cd9530707b55fa6dff9d2dca3c"
96 verbose lastModified Wed, 09 Jan 2019 23:20:18 GMT
97 http request GET https://registry.npmjs.org/dicer
98 verbose request uri https://registry.npmjs.org/jsonwebtoken
99 verbose request no auth needed
100 info attempt registry request try #1 at 00:06:38
101 verbose etag W/"01c5940f8157b53f3af88d2821c09ccd"
102 verbose lastModified Sat, 21 Sep 2019 18:44:15 GMT
103 http request GET https://registry.npmjs.org/jsonwebtoken
104 verbose request uri https://registry.npmjs.org/node-forge
105 verbose request no auth needed
106 info attempt registry request try #1 at 00:06:38
107 verbose etag W/"88e31913968598ea9528ffd05a69477c"
108 verbose lastModified Sun, 10 May 2020 13:37:22 GMT
109 http request GET https://registry.npmjs.org/node-forge
110 verbose request uri https://registry.npmjs.org/@google-cloud%2ffirestore
111 verbose request no auth needed
112 info attempt registry request try #1 at 00:06:38
113 verbose etag W/"4063430294cd190eb2a3a311f258e829"
114 verbose lastModified Sat, 25 Apr 2020 03:18:57 GMT
115 http request GET https://registry.npmjs.org/@google-cloud%2ffirestore
116 verbose request uri https://registry.npmjs.org/@google-cloud%2fstorage
117 verbose request no auth needed
118 info attempt registry request try #1 at 00:06:38
119 verbose etag W/"e00f35d39aa80b55072826ee382caa51"
120 verbose lastModified Fri, 27 Mar 2020 22:19:31 GMT
121 http request GET https://registry.npmjs.org/@google-cloud%2fstorage
122 verbose request uri https://registry.npmjs.org/@types%2fnode
123 verbose request no auth needed
124 info attempt registry request try #1 at 00:06:38
125 verbose etag W/"3a0c21658974ffaaafff991df34c2379"
126 verbose lastModified Wed, 13 May 2020 00:33:15 GMT
127 http request GET https://registry.npmjs.org/@types%2fnode
128 http 304 https://registry.npmjs.org/dicer
129 verbose headers { date: 'Wed, 13 May 2020 03:06:38 GMT',
129 verbose headers   connection: 'keep-alive',
129 verbose headers   'set-cookie':
129 verbose headers    [ '__cfduid=de967e7cee5cae35341aeff0d6a8791ab1589339198; expires=Fri, 12-Jun-20 03:06:38 GMT; path=/; domain=.npmjs.org; HttpOnly; SameSite=Lax' ],
129 verbose headers   'cf-ray': '59292a240f1ed06a-CWB',
129 verbose headers   age: '1080',
129 verbose headers   'cache-control': 'public, max-age=300',
129 verbose headers   etag: '"a62193cd9530707b55fa6dff9d2dca3c"',
129 verbose headers   'last-modified': 'Wed, 09 Jan 2019 23:20:18 GMT',
129 verbose headers   vary: 'Accept-Encoding',
129 verbose headers   'cf-cache-status': 'HIT',
129 verbose headers   'expect-ct': 'max-age=604800, report-uri="https://report-uri.cloudflare.com/cdn-cgi/beacon/expect-ct"',
129 verbose headers   server: 'cloudflare',
129 verbose headers   'cf-request-id': '02ad98aa880000d06a74a81200000001' }
130 silly get cb [ 304,
130 silly get   { date: 'Wed, 13 May 2020 03:06:38 GMT',
130 silly get     connection: 'keep-alive',
130 silly get     'set-cookie':
130 silly get      [ '__cfduid=de967e7cee5cae35341aeff0d6a8791ab1589339198; expires=Fri, 12-Jun-20 03:06:38 GMT; path=/; domain=.npmjs.org; HttpOnly; SameSite=Lax' ],
130 silly get     'cf-ray': '59292a240f1ed06a-CWB',
130 silly get     age: '1080',
130 silly get     'cache-control': 'public, max-age=300',
130 silly get     etag: '"a62193cd9530707b55fa6dff9d2dca3c"',
130 silly get     'last-modified': 'Wed, 09 Jan 2019 23:20:18 GMT',
130 silly get     vary: 'Accept-Encoding',
130 silly get     'cf-cache-status': 'HIT',
130 silly get     'expect-ct': 'max-age=604800, report-uri="https://report-uri.cloudflare.com/cdn-cgi/beacon/expect-ct"',
130 silly get     server: 'cloudflare',
130 silly get     'cf-request-id': '02ad98aa880000d06a74a81200000001' } ]
131 verbose etag https://registry.npmjs.org/dicer from cache
132 verbose get saving dicer to /home/hmjussani/.npm/registry.npmjs.org/dicer/.cache.json
133 silly resolveWithNewModule dicer@0.3.0 checking installable status
134 silly cache add args [ 'dicer@^0.3.0', null ]
135 verbose cache add spec dicer@^0.3.0
136 silly cache add parsed spec Result {
136 silly cache add   raw: 'dicer@^0.3.0',
136 silly cache add   scope: null,
136 silly cache add   name: 'dicer',
136 silly cache add   rawSpec: '^0.3.0',
136 silly cache add   spec: '>=0.3.0 <0.4.0',
136 silly cache add   type: 'range' }
137 silly addNamed dicer@>=0.3.0 <0.4.0
138 verbose addNamed ">=0.3.0 <0.4.0" is a valid semver range for dicer
139 silly addNameRange { name: 'dicer', range: '>=0.3.0 <0.4.0', hasData: false }
140 silly mapToRegistry name dicer
141 silly mapToRegistry using default registry
142 silly mapToRegistry registry https://registry.npmjs.org/
143 silly mapToRegistry uri https://registry.npmjs.org/dicer
144 verbose addNameRange registry:https://registry.npmjs.org/dicer not in flight; fetching
145 verbose get https://registry.npmjs.org/dicer not expired, no request
146 silly addNameRange number 2 { name: 'dicer', range: '>=0.3.0 <0.4.0', hasData: true }
147 silly addNameRange versions [ 'dicer',
147 silly addNameRange   [ '0.0.1',
147 silly addNameRange     '0.0.2',
147 silly addNameRange     '0.0.3',
147 silly addNameRange     '0.0.4',
147 silly addNameRange     '0.0.5',
147 silly addNameRange     '0.1.0',
147 silly addNameRange     '0.1.1',
147 silly addNameRange     '0.1.2',
147 silly addNameRange     '0.1.3',
147 silly addNameRange     '0.1.4',
147 silly addNameRange     '0.1.5',
147 silly addNameRange     '0.1.6',
147 silly addNameRange     '0.2.0',
147 silly addNameRange     '0.2.1',
147 silly addNameRange     '0.2.2',
147 silly addNameRange     '0.2.3',
147 silly addNameRange     '0.2.4',
147 silly addNameRange     '0.2.5',
147 silly addNameRange     '0.3.0' ] ]
148 silly addNamed dicer@0.3.0
149 verbose addNamed "0.3.0" is a plain semver version for dicer
150 silly cache afterAdd dicer@0.3.0
151 verbose afterAdd /home/hmjussani/.npm/dicer/0.3.0/package/package.json not in flight; writing
152 verbose afterAdd /home/hmjussani/.npm/dicer/0.3.0/package/package.json written
153 http 304 https://registry.npmjs.org/node-forge
154 verbose headers { date: 'Wed, 13 May 2020 03:06:38 GMT',
154 verbose headers   connection: 'keep-alive',
154 verbose headers   'set-cookie':
154 verbose headers    [ '__cfduid=d21f390147d2b5f857e91e462c39697f21589339198; expires=Fri, 12-Jun-20 03:06:38 GMT; path=/; domain=.npmjs.org; HttpOnly; SameSite=Lax' ],
154 verbose headers   'cf-ray': '59292a249c16d082-CWB',
154 verbose headers   age: '1238',
154 verbose headers   'cache-control': 'public, max-age=300',
154 verbose headers   etag: '"88e31913968598ea9528ffd05a69477c"',
154 verbose headers   'last-modified': 'Sun, 10 May 2020 13:37:22 GMT',
154 verbose headers   vary: 'Accept-Encoding',
154 verbose headers   'cf-cache-status': 'HIT',
154 verbose headers   'expect-ct': 'max-age=604800, report-uri="https://report-uri.cloudflare.com/cdn-cgi/beacon/expect-ct"',
154 verbose headers   server: 'cloudflare',
154 verbose headers   'cf-request-id': '02ad98aae20000d0826e82a200000001' }
155 silly get cb [ 304,
155 silly get   { date: 'Wed, 13 May 2020 03:06:38 GMT',
155 silly get     connection: 'keep-alive',
155 silly get     'set-cookie':
155 silly get      [ '__cfduid=d21f390147d2b5f857e91e462c39697f21589339198; expires=Fri, 12-Jun-20 03:06:38 GMT; path=/; domain=.npmjs.org; HttpOnly; SameSite=Lax' ],
155 silly get     'cf-ray': '59292a249c16d082-CWB',
155 silly get     age: '1238',
155 silly get     'cache-control': 'public, max-age=300',
155 silly get     etag: '"88e31913968598ea9528ffd05a69477c"',
155 silly get     'last-modified': 'Sun, 10 May 2020 13:37:22 GMT',
155 silly get     vary: 'Accept-Encoding',
155 silly get     'cf-cache-status': 'HIT',
155 silly get     'expect-ct': 'max-age=604800, report-uri="https://report-uri.cloudflare.com/cdn-cgi/beacon/expect-ct"',
155 silly get     server: 'cloudflare',
155 silly get     'cf-request-id': '02ad98aae20000d0826e82a200000001' } ]
156 verbose etag https://registry.npmjs.org/node-forge from cache
157 verbose get saving node-forge to /home/hmjussani/.npm/registry.npmjs.org/node-forge/.cache.json
158 http 304 https://registry.npmjs.org/jsonwebtoken
159 verbose headers { date: 'Wed, 13 May 2020 03:06:38 GMT',
159 verbose headers   connection: 'keep-alive',
159 verbose headers   'set-cookie':
159 verbose headers    [ '__cfduid=dc525a26a5339b46b8532e4865d3c40e01589339198; expires=Fri, 12-Jun-20 03:06:38 GMT; path=/; domain=.npmjs.org; HttpOnly; SameSite=Lax' ],
159 verbose headers   'cf-ray': '59292a24aebdd06e-CWB',
159 verbose headers   age: '1719',
159 verbose headers   'cache-control': 'public, max-age=300',
159 verbose headers   etag: '"01c5940f8157b53f3af88d2821c09ccd"',
159 verbose headers   'last-modified': 'Sat, 21 Sep 2019 18:44:15 GMT',
159 verbose headers   vary: 'Accept-Encoding',
159 verbose headers   'cf-cache-status': 'HIT',
159 verbose headers   'expect-ct': 'max-age=604800, report-uri="https://report-uri.cloudflare.com/cdn-cgi/beacon/expect-ct"',
159 verbose headers   server: 'cloudflare',
159 verbose headers   'cf-request-id': '02ad98aae80000d06e808f8200000001' }
160 silly get cb [ 304,
160 silly get   { date: 'Wed, 13 May 2020 03:06:38 GMT',
160 silly get     connection: 'keep-alive',
160 silly get     'set-cookie':
160 silly get      [ '__cfduid=dc525a26a5339b46b8532e4865d3c40e01589339198; expires=Fri, 12-Jun-20 03:06:38 GMT; path=/; domain=.npmjs.org; HttpOnly; SameSite=Lax' ],
160 silly get     'cf-ray': '59292a24aebdd06e-CWB',
160 silly get     age: '1719',
160 silly get     'cache-control': 'public, max-age=300',
160 silly get     etag: '"01c5940f8157b53f3af88d2821c09ccd"',
160 silly get     'last-modified': 'Sat, 21 Sep 2019 18:44:15 GMT',
160 silly get     vary: 'Accept-Encoding',
160 silly get     'cf-cache-status': 'HIT',
160 silly get     'expect-ct': 'max-age=604800, report-uri="https://report-uri.cloudflare.com/cdn-cgi/beacon/expect-ct"',
160 silly get     server: 'cloudflare',
160 silly get     'cf-request-id': '02ad98aae80000d06e808f8200000001' } ]
161 verbose etag https://registry.npmjs.org/jsonwebtoken from cache
162 verbose get saving jsonwebtoken to /home/hmjussani/.npm/registry.npmjs.org/jsonwebtoken/.cache.json
163 silly resolveWithNewModule node-forge@0.7.4 checking installable status
164 silly cache add args [ 'node-forge@0.7.4', null ]
165 verbose cache add spec node-forge@0.7.4
166 silly cache add parsed spec Result {
166 silly cache add   raw: 'node-forge@0.7.4',
166 silly cache add   scope: null,
166 silly cache add   name: 'node-forge',
166 silly cache add   rawSpec: '0.7.4',
166 silly cache add   spec: '0.7.4',
166 silly cache add   type: 'version' }
167 silly addNamed node-forge@0.7.4
168 verbose addNamed "0.7.4" is a plain semver version for node-forge
169 silly mapToRegistry name node-forge
170 silly mapToRegistry using default registry
171 silly mapToRegistry registry https://registry.npmjs.org/
172 silly mapToRegistry uri https://registry.npmjs.org/node-forge
173 verbose addNameVersion registry:https://registry.npmjs.org/node-forge not in flight; fetching
174 verbose get https://registry.npmjs.org/node-forge not expired, no request
175 http 304 https://registry.npmjs.org/@types%2fnode
176 verbose headers { date: 'Wed, 13 May 2020 03:06:38 GMT',
176 verbose headers   connection: 'keep-alive',
176 verbose headers   'set-cookie':
176 verbose headers    [ '__cfduid=d7c3c14e6397248364e6ae0bc70b690141589339198; expires=Fri, 12-Jun-20 03:06:38 GMT; path=/; domain=.npmjs.org; HttpOnly; SameSite=Lax' ],
176 verbose headers   'cf-ray': '59292a24cae3d072-CWB',
176 verbose headers   age: '1370',
176 verbose headers   'cache-control': 'public, max-age=300',
176 verbose headers   etag: '"3a0c21658974ffaaafff991df34c2379"',
176 verbose headers   'last-modified': 'Wed, 13 May 2020 00:33:15 GMT',
176 verbose headers   vary: 'Accept-Encoding',
176 verbose headers   'cf-cache-status': 'HIT',
176 verbose headers   'expect-ct': 'max-age=604800, report-uri="https://report-uri.cloudflare.com/cdn-cgi/beacon/expect-ct"',
176 verbose headers   server: 'cloudflare',
176 verbose headers   'cf-request-id': '02ad98aafa0000d0726c2c4200000001' }
177 silly get cb [ 304,
177 silly get   { date: 'Wed, 13 May 2020 03:06:38 GMT',
177 silly get     connection: 'keep-alive',
177 silly get     'set-cookie':
177 silly get      [ '__cfduid=d7c3c14e6397248364e6ae0bc70b690141589339198; expires=Fri, 12-Jun-20 03:06:38 GMT; path=/; domain=.npmjs.org; HttpOnly; SameSite=Lax' ],
177 silly get     'cf-ray': '59292a24cae3d072-CWB',
177 silly get     age: '1370',
177 silly get     'cache-control': 'public, max-age=300',
177 silly get     etag: '"3a0c21658974ffaaafff991df34c2379"',
177 silly get     'last-modified': 'Wed, 13 May 2020 00:33:15 GMT',
177 silly get     vary: 'Accept-Encoding',
177 silly get     'cf-cache-status': 'HIT',
177 silly get     'expect-ct': 'max-age=604800, report-uri="https://report-uri.cloudflare.com/cdn-cgi/beacon/expect-ct"',
177 silly get     server: 'cloudflare',
177 silly get     'cf-request-id': '02ad98aafa0000d0726c2c4200000001' } ]
178 verbose etag https://registry.npmjs.org/@types%2fnode from cache
179 verbose get saving @types/node to /home/hmjussani/.npm/registry.npmjs.org/_40types_252fnode/.cache.json
180 silly resolveWithNewModule jsonwebtoken@8.1.0 checking installable status
181 silly cache add args [ 'jsonwebtoken@8.1.0', null ]
182 verbose cache add spec jsonwebtoken@8.1.0
183 silly cache add parsed spec Result {
183 silly cache add   raw: 'jsonwebtoken@8.1.0',
183 silly cache add   scope: null,
183 silly cache add   name: 'jsonwebtoken',
183 silly cache add   rawSpec: '8.1.0',
183 silly cache add   spec: '8.1.0',
183 silly cache add   type: 'version' }
184 silly addNamed jsonwebtoken@8.1.0
185 verbose addNamed "8.1.0" is a plain semver version for jsonwebtoken
186 silly mapToRegistry name jsonwebtoken
187 silly mapToRegistry using default registry
188 silly mapToRegistry registry https://registry.npmjs.org/
189 silly mapToRegistry uri https://registry.npmjs.org/jsonwebtoken
190 verbose addNameVersion registry:https://registry.npmjs.org/jsonwebtoken not in flight; fetching
191 silly cache afterAdd node-forge@0.7.4
192 verbose afterAdd /home/hmjussani/.npm/node-forge/0.7.4/package/package.json not in flight; writing
193 verbose get https://registry.npmjs.org/jsonwebtoken not expired, no request
194 verbose afterAdd /home/hmjussani/.npm/node-forge/0.7.4/package/package.json written
195 silly resolveWithNewModule @types/node@8.10.60 checking installable status
196 silly cache add args [ '@types/node@^8.10.59', null ]
197 verbose cache add spec @types/node@^8.10.59
198 silly cache add parsed spec Result {
198 silly cache add   raw: '@types/node@^8.10.59',
198 silly cache add   scope: '@types',
198 silly cache add   name: '@types/node',
198 silly cache add   rawSpec: '^8.10.59',
198 silly cache add   spec: '>=8.10.59 <9.0.0',
198 silly cache add   type: 'range' }
199 silly addNamed @types/node@>=8.10.59 <9.0.0
200 verbose addNamed ">=8.10.59 <9.0.0" is a valid semver range for @types/node
201 silly addNameRange { name: '@types/node',
201 silly addNameRange   range: '>=8.10.59 <9.0.0',
201 silly addNameRange   hasData: false }
202 silly mapToRegistry name @types/node
203 silly mapToRegistry scope (from package name) @types
204 verbose mapToRegistry no registry URL found in name for scope @types
205 silly mapToRegistry using default registry
206 silly mapToRegistry registry https://registry.npmjs.org/
207 silly mapToRegistry uri https://registry.npmjs.org/@types%2fnode
208 verbose addNameRange registry:https://registry.npmjs.org/@types%2fnode not in flight; fetching
209 silly cache afterAdd jsonwebtoken@8.1.0
210 verbose afterAdd /home/hmjussani/.npm/jsonwebtoken/8.1.0/package/package.json not in flight; writing
211 verbose get https://registry.npmjs.org/@types%2fnode not expired, no request
212 silly addNameRange number 2 { name: '@types/node', range: '>=8.10.59 <9.0.0', hasData: true }
213 silly addNameRange versions [ '@types/node',
213 silly addNameRange   [ '4.0.15-alpha',
213 silly addNameRange     '4.0.16-alpha',
213 silly addNameRange     '4.0.21-alpha',
213 silly addNameRange     '4.0.22-alpha',
213 silly addNameRange     '4.0.23-alpha',
213 silly addNameRange     '4.0.24-alpha',
213 silly addNameRange     '4.0.25-alpha',
213 silly addNameRange     '4.0.26-alpha',
213 silly addNameRange     '4.0.27-alpha',
213 silly addNameRange     '4.0.28-alpha',
213 silly addNameRange     '4.0.29',
213 silly addNameRange     '4.0.30',
213 silly addNameRange     '6.0.31',
213 silly addNameRange     '6.0.32',
213 silly addNameRange     '6.0.33',
213 silly addNameRange     '6.0.34',
213 silly addNameRange     '6.0.35',
213 silly addNameRange     '6.0.36',
213 silly addNameRange     '6.0.37',
213 silly addNameRange     '6.0.38',
213 silly addNameRange     '6.0.39',
213 silly addNameRange     '6.0.40',
213 silly addNameRange     '6.0.41',
213 silly addNameRange     '6.0.42',
213 silly addNameRange     '6.0.43',
213 silly addNameRange     '6.0.44',
213 silly addNameRange     '6.0.45',
213 silly addNameRange     '6.0.46',
213 silly addNameRange     '6.0.47',
213 silly addNameRange     '6.0.48',
213 silly addNameRange     '6.0.49',
213 silly addNameRange     '6.0.50',
213 silly addNameRange     '6.0.51',
213 silly addNameRange     '0.0.0',
213 silly addNameRange     '0.0.1',
213 silly addNameRange     '0.0.2',
213 silly addNameRange     '0.0.3',
213 silly addNameRange     '6.0.52',
213 silly addNameRange     '6.0.53',
213 silly addNameRange     '6.0.54',
213 silly addNameRange     '6.0.55',
213 silly addNameRange     '6.0.56',
213 silly addNameRange     '6.0.57',
213 silly addNameRange     '6.0.58',
213 silly addNameRange     '6.0.59',
213 silly addNameRange     '4.2.0',
213 silly addNameRange     '0.12.0',
213 silly addNameRange     '7.0.0',
213 silly addNameRange     '6.0.60',
213 silly addNameRange     '7.0.1',
213 silly addNameRange     '6.0.61',
213 silly addNameRange     '7.0.2',
213 silly addNameRange     '7.0.3',
213 silly addNameRange     '7.0.4',
213 silly addNameRange     '4.2.1',
213 silly addNameRange     '6.0.62',
213 silly addNameRange     '7.0.5',
213 silly addNameRange     '6.0.63',
213 silly addNameRange     '4.2.2',
213 silly addNameRange     '0.12.1',
213 silly addNameRange     '4.2.3',
213 silly addNameRange     '6.0.64',
213 silly addNameRange     '7.0.6',
213 silly addNameRange     '6.0.65',
213 silly addNameRange     '7.0.7',
213 silly addNameRange     '7.0.8',
213 silly addNameRange     '4.2.4',
213 silly addNameRange     '0.12.2',
213 silly addNameRange     '6.0.66',
213 silly addNameRange     '7.0.9',
213 silly addNameRange     '7.0.10',
213 silly addNameRange     '7.0.11',
213 silly addNameRange     '6.0.67',
213 silly addNameRange     '6.0.68',
213 silly addNameRange     '7.0.12',
213 silly addNameRange     '4.2.5',
213 silly addNameRange     '0.12.3',
213 silly addNameRange     '6.0.69',
213 silly addNameRange     '0.12.4',
213 silly addNameRange     '4.2.6',
213 silly addNameRange     '6.0.70',
213 silly addNameRange     '7.0.13',
213 silly addNameRange     '7.0.14',
213 silly addNameRange     '6.0.71',
213 silly addNameRange     '7.0.15',
213 silly addNameRange     '4.2.7',
213 silly addNameRange     '6.0.72',
213 silly addNameRange     '7.0.16',
213 silly addNameRange     '7.0.17',
213 silly addNameRange     '7.0.18',
213 silly addNameRange     '4.2.8',
213 silly addNameRange     '6.0.73',
213 silly addNameRange     '7.0.19',
213 silly addNameRange     '7.0.20',
213 silly addNameRange     '7.0.21',
213 silly addNameRange     '7.0.22',
213 silly addNameRange     '6.0.74',
213 silly addNameRange     '7.0.23',
213 silly addNameRange     '7.0.24',
213 silly addNameRange     '6.0.75',
213 silly addNameRange     ... 690 more items ] ]
214 silly addNamed @types/node@8.10.60
215 verbose addNamed "8.10.60" is a plain semver version for @types/node
216 verbose afterAdd /home/hmjussani/.npm/jsonwebtoken/8.1.0/package/package.json written
217 silly cache afterAdd @types/node@8.10.60
218 verbose afterAdd /home/hmjussani/.npm/@types/node/8.10.60/package/package.json not in flight; writing
219 verbose afterAdd /home/hmjussani/.npm/@types/node/8.10.60/package/package.json written
220 http 304 https://registry.npmjs.org/@google-cloud%2ffirestore
221 verbose headers { date: 'Wed, 13 May 2020 03:06:39 GMT',
221 verbose headers   connection: 'keep-alive',
221 verbose headers   'set-cookie':
221 verbose headers    [ '__cfduid=d38e822a218ef14a442b8bdf125e5af261589339198; expires=Fri, 12-Jun-20 03:06:38 GMT; path=/; domain=.npmjs.org; HttpOnly; SameSite=Lax' ],
221 verbose headers   'cf-ray': '59292a24a8d6d076-CWB',
221 verbose headers   age: '1720',
221 verbose headers   'cache-control': 'public, max-age=300',
221 verbose headers   etag: '"4063430294cd190eb2a3a311f258e829"',
221 verbose headers   'last-modified': 'Sat, 25 Apr 2020 03:18:57 GMT',
221 verbose headers   vary: 'Accept-Encoding',
221 verbose headers   'cf-cache-status': 'HIT',
221 verbose headers   'expect-ct': 'max-age=604800, report-uri="https://report-uri.cloudflare.com/cdn-cgi/beacon/expect-ct"',
221 verbose headers   server: 'cloudflare',
221 verbose headers   'cf-request-id': '02ad98aae70000d0768a9aa200000001' }
222 silly get cb [ 304,
222 silly get   { date: 'Wed, 13 May 2020 03:06:39 GMT',
222 silly get     connection: 'keep-alive',
222 silly get     'set-cookie':
222 silly get      [ '__cfduid=d38e822a218ef14a442b8bdf125e5af261589339198; expires=Fri, 12-Jun-20 03:06:38 GMT; path=/; domain=.npmjs.org; HttpOnly; SameSite=Lax' ],
222 silly get     'cf-ray': '59292a24a8d6d076-CWB',
222 silly get     age: '1720',
222 silly get     'cache-control': 'public, max-age=300',
222 silly get     etag: '"4063430294cd190eb2a3a311f258e829"',
222 silly get     'last-modified': 'Sat, 25 Apr 2020 03:18:57 GMT',
222 silly get     vary: 'Accept-Encoding',
222 silly get     'cf-cache-status': 'HIT',
222 silly get     'expect-ct': 'max-age=604800, report-uri="https://report-uri.cloudflare.com/cdn-cgi/beacon/expect-ct"',
222 silly get     server: 'cloudflare',
222 silly get     'cf-request-id': '02ad98aae70000d0768a9aa200000001' } ]
223 verbose etag https://registry.npmjs.org/@google-cloud%2ffirestore from cache
224 verbose get saving @google-cloud/firestore to /home/hmjussani/.npm/registry.npmjs.org/_40google-cloud_252ffirestore/.cache.json
225 silly resolveWithNewModule @google-cloud/firestore@3.7.5 checking installable status
226 silly cache add args [ '@google-cloud/firestore@^3.0.0', null ]
227 verbose cache add spec @google-cloud/firestore@^3.0.0
228 silly cache add parsed spec Result {
228 silly cache add   raw: '@google-cloud/firestore@^3.0.0',
228 silly cache add   scope: '@google-cloud',
228 silly cache add   name: '@google-cloud/firestore',
228 silly cache add   rawSpec: '^3.0.0',
228 silly cache add   spec: '>=3.0.0 <4.0.0',
228 silly cache add   type: 'range' }
229 silly addNamed @google-cloud/firestore@>=3.0.0 <4.0.0
230 verbose addNamed ">=3.0.0 <4.0.0" is a valid semver range for @google-cloud/firestore
231 silly addNameRange { name: '@google-cloud/firestore',
231 silly addNameRange   range: '>=3.0.0 <4.0.0',
231 silly addNameRange   hasData: false }
232 silly mapToRegistry name @google-cloud/firestore
233 silly mapToRegistry scope (from package name) @google-cloud
234 verbose mapToRegistry no registry URL found in name for scope @google-cloud
235 silly mapToRegistry using default registry
236 silly mapToRegistry registry https://registry.npmjs.org/
237 silly mapToRegistry uri https://registry.npmjs.org/@google-cloud%2ffirestore
238 verbose addNameRange registry:https://registry.npmjs.org/@google-cloud%2ffirestore not in flight; fetching
239 verbose get https://registry.npmjs.org/@google-cloud%2ffirestore not expired, no request
240 silly addNameRange number 2 { name: '@google-cloud/firestore',
240 silly addNameRange   range: '>=3.0.0 <4.0.0',
240 silly addNameRange   hasData: true }
241 silly addNameRange versions [ '@google-cloud/firestore',
241 silly addNameRange   [ '0.8.0',
241 silly addNameRange     '0.8.1',
241 silly addNameRange     '0.8.2',
241 silly addNameRange     '0.9.0',
241 silly addNameRange     '0.10.0',
241 silly addNameRange     '0.10.1',
241 silly addNameRange     '0.11.0',
241 silly addNameRange     '0.10.2',
241 silly addNameRange     '0.11.1',
241 silly addNameRange     '0.11.2',
241 silly addNameRange     '0.12.0',
241 silly addNameRange     '0.13.0',
241 silly addNameRange     '0.13.1',
241 silly addNameRange     '0.14.0',
241 silly addNameRange     '0.14.1',
241 silly addNameRange     '0.15.2',
241 silly addNameRange     '0.15.3',
241 silly addNameRange     '0.15.4',
241 silly addNameRange     '0.16.0',
241 silly addNameRange     '0.16.1',
241 silly addNameRange     '0.17.0',
241 silly addNameRange     '0.18.0',
241 silly addNameRange     '0.19.0',
241 silly addNameRange     '0.20.0',
241 silly addNameRange     '0.21.0',
241 silly addNameRange     '1.0.0',
241 silly addNameRange     '1.0.1',
241 silly addNameRange     '1.0.2',
241 silly addNameRange     '1.1.0',
241 silly addNameRange     '1.2.0',
241 silly addNameRange     '1.3.0',
241 silly addNameRange     '2.0.0',
241 silly addNameRange     '2.1.0',
241 silly addNameRange     '2.1.1',
241 silly addNameRange     '2.2.0',
241 silly addNameRange     '2.2.1',
241 silly addNameRange     '2.2.2',
241 silly addNameRange     '2.2.3',
241 silly addNameRange     '2.2.4',
241 silly addNameRange     '2.2.5',
241 silly addNameRange     '2.2.6',
241 silly addNameRange     '2.2.7',
241 silly addNameRange     '2.2.8',
241 silly addNameRange     '2.2.9',
241 silly addNameRange     '2.3.0',
241 silly addNameRange     '2.4.0',
241 silly addNameRange     '2.5.0',
241 silly addNameRange     '2.6.0',
241 silly addNameRange     '2.6.1',
241 silly addNameRange     '3.0.0',
241 silly addNameRange     '3.1.0',
241 silly addNameRange     '3.2.0',
241 silly addNameRange     '3.3.0',
241 silly addNameRange     '3.3.1',
241 silly addNameRange     '3.3.2',
241 silly addNameRange     '3.3.3',
241 silly addNameRange     '3.3.4',
241 silly addNameRange     '3.4.0',
241 silly addNameRange     '3.4.1',
241 silly addNameRange     '3.5.0',
241 silly addNameRange     '3.5.1',
241 silly addNameRange     '3.6.0',
241 silly addNameRange     '3.7.0',
241 silly addNameRange     '3.7.1',
241 silly addNameRange     '3.7.2',
241 silly addNameRange     '3.7.3',
241 silly addNameRange     '3.7.4',
241 silly addNameRange     '3.7.5' ] ]
242 silly addNamed @google-cloud/firestore@3.7.5
243 verbose addNamed "3.7.5" is a plain semver version for @google-cloud/firestore
244 silly cache afterAdd @google-cloud/firestore@3.7.5
245 verbose afterAdd /home/hmjussani/.npm/@google-cloud/firestore/3.7.5/package/package.json not in flight; writing
246 verbose afterAdd /home/hmjussani/.npm/@google-cloud/firestore/3.7.5/package/package.json written
247 http 304 https://registry.npmjs.org/@google-cloud%2fstorage
248 verbose headers { date: 'Wed, 13 May 2020 03:06:39 GMT',
248 verbose headers   connection: 'keep-alive',
248 verbose headers   'set-cookie':
248 verbose headers    [ '__cfduid=d21f390147d2b5f857e91e462c39697f21589339198; expires=Fri, 12-Jun-20 03:06:38 GMT; path=/; domain=.npmjs.org; HttpOnly; SameSite=Lax' ],
248 verbose headers   'cf-ray': '59292a24ac29d082-CWB',
248 verbose headers   age: '1080',
248 verbose headers   'cache-control': 'public, max-age=300',
248 verbose headers   etag: '"e00f35d39aa80b55072826ee382caa51"',
248 verbose headers   'last-modified': 'Fri, 27 Mar 2020 22:19:31 GMT',
248 verbose headers   vary: 'Accept-Encoding',
248 verbose headers   'cf-cache-status': 'HIT',
248 verbose headers   'expect-ct': 'max-age=604800, report-uri="https://report-uri.cloudflare.com/cdn-cgi/beacon/expect-ct"',
248 verbose headers   server: 'cloudflare',
248 verbose headers   'cf-request-id': '02ad98aaea0000d08269a63200000001' }
249 silly get cb [ 304,
249 silly get   { date: 'Wed, 13 May 2020 03:06:39 GMT',
249 silly get     connection: 'keep-alive',
249 silly get     'set-cookie':
249 silly get      [ '__cfduid=d21f390147d2b5f857e91e462c39697f21589339198; expires=Fri, 12-Jun-20 03:06:38 GMT; path=/; domain=.npmjs.org; HttpOnly; SameSite=Lax' ],
249 silly get     'cf-ray': '59292a24ac29d082-CWB',
249 silly get     age: '1080',
249 silly get     'cache-control': 'public, max-age=300',
249 silly get     etag: '"e00f35d39aa80b55072826ee382caa51"',
249 silly get     'last-modified': 'Fri, 27 Mar 2020 22:19:31 GMT',
249 silly get     vary: 'Accept-Encoding',
249 silly get     'cf-cache-status': 'HIT',
249 silly get     'expect-ct': 'max-age=604800, report-uri="https://report-uri.cloudflare.com/cdn-cgi/beacon/expect-ct"',
249 silly get     server: 'cloudflare',
249 silly get     'cf-request-id': '02ad98aaea0000d08269a63200000001' } ]
250 verbose etag https://registry.npmjs.org/@google-cloud%2fstorage from cache
251 verbose get saving @google-cloud/storage to /home/hmjussani/.npm/registry.npmjs.org/_40google-cloud_252fstorage/.cache.json
252 silly resolveWithNewModule @google-cloud/storage@4.7.0 checking installable status
253 silly cache add args [ '@google-cloud/storage@^4.1.2', null ]
254 verbose cache add spec @google-cloud/storage@^4.1.2
255 silly cache add parsed spec Result {
255 silly cache add   raw: '@google-cloud/storage@^4.1.2',
255 silly cache add   scope: '@google-cloud',
255 silly cache add   name: '@google-cloud/storage',
255 silly cache add   rawSpec: '^4.1.2',
255 silly cache add   spec: '>=4.1.2 <5.0.0',
255 silly cache add   type: 'range' }
256 silly addNamed @google-cloud/storage@>=4.1.2 <5.0.0
257 verbose addNamed ">=4.1.2 <5.0.0" is a valid semver range for @google-cloud/storage
258 silly addNameRange { name: '@google-cloud/storage',
258 silly addNameRange   range: '>=4.1.2 <5.0.0',
258 silly addNameRange   hasData: false }
259 silly mapToRegistry name @google-cloud/storage
260 silly mapToRegistry scope (from package name) @google-cloud
261 verbose mapToRegistry no registry URL found in name for scope @google-cloud
262 silly mapToRegistry using default registry
263 silly mapToRegistry registry https://registry.npmjs.org/
264 silly mapToRegistry uri https://registry.npmjs.org/@google-cloud%2fstorage
265 verbose addNameRange registry:https://registry.npmjs.org/@google-cloud%2fstorage not in flight; fetching
266 verbose get https://registry.npmjs.org/@google-cloud%2fstorage not expired, no request
267 silly addNameRange number 2 { name: '@google-cloud/storage',
267 silly addNameRange   range: '>=4.1.2 <5.0.0',
267 silly addNameRange   hasData: true }
268 silly addNameRange versions [ '@google-cloud/storage',
268 silly addNameRange   [ '0.1.0',
268 silly addNameRange     '0.1.1',
268 silly addNameRange     '0.2.0',
268 silly addNameRange     '0.3.0',
268 silly addNameRange     '0.4.0',
268 silly addNameRange     '0.5.0',
268 silly addNameRange     '0.6.0',
268 silly addNameRange     '0.5.1',
268 silly addNameRange     '0.5.2',
268 silly addNameRange     '0.6.1',
268 silly addNameRange     '0.7.0',
268 silly addNameRange     '0.8.0',
268 silly addNameRange     '1.0.0',
268 silly addNameRange     '1.1.0',
268 silly addNameRange     '1.1.1',
268 silly addNameRange     '1.2.0',
268 silly addNameRange     '1.2.1',
268 silly addNameRange     '1.3.0',
268 silly addNameRange     '1.3.1',
268 silly addNameRange     '1.4.0',
268 silly addNameRange     '1.5.0',
268 silly addNameRange     '1.5.1',
268 silly addNameRange     '1.5.2',
268 silly addNameRange     '1.6.0',
268 silly addNameRange     '1.7.0',
268 silly addNameRange     '2.0.0',
268 silly addNameRange     '2.0.1',
268 silly addNameRange     '2.0.2',
268 silly addNameRange     '2.0.3',
268 silly addNameRange     '2.1.0',
268 silly addNameRange     '2.2.0',
268 silly addNameRange     '2.3.0',
268 silly addNameRange     '2.3.1',
268 silly addNameRange     '2.3.3',
268 silly addNameRange     '2.3.4',
268 silly addNameRange     '2.4.0',
268 silly addNameRange     '2.4.1',
268 silly addNameRange     '2.4.2',
268 silly addNameRange     '2.4.3',
268 silly addNameRange     '2.5.0',
268 silly addNameRange     '3.0.0',
268 silly addNameRange     '3.0.1',
268 silly addNameRange     '3.0.2',
268 silly addNameRange     '3.0.3',
268 silly addNameRange     '3.0.4',
268 silly addNameRange     '3.1.0',
268 silly addNameRange     '3.2.0',
268 silly addNameRange     '3.2.1',
268 silly addNameRange     '3.3.0',
268 silly addNameRange     '3.3.1',
268 silly addNameRange     '3.4.0',
268 silly addNameRange     '3.5.0',
268 silly addNameRange     '4.0.0',
268 silly addNameRange     '4.0.1',
268 silly addNameRange     '4.1.0',
268 silly addNameRange     '4.1.1',
268 silly addNameRange     '4.1.2',
268 silly addNameRange     '4.1.3',
268 silly addNameRange     '4.2.0',
268 silly addNameRange     '4.3.0',
268 silly addNameRange     '4.3.1',
268 silly addNameRange     '4.3.2',
268 silly addNameRange     '4.4.0',
268 silly addNameRange     '4.5.0',
268 silly addNameRange     '4.6.0',
268 silly addNameRange     '4.7.0' ] ]
269 silly addNamed @google-cloud/storage@4.7.0
270 verbose addNamed "4.7.0" is a plain semver version for @google-cloud/storage
271 silly cache afterAdd @google-cloud/storage@4.7.0
272 verbose afterAdd /home/hmjussani/.npm/@google-cloud/storage/4.7.0/package/package.json not in flight; writing
273 verbose afterAdd /home/hmjussani/.npm/@google-cloud/storage/4.7.0/package/package.json written
274 silly fetchNamedPackageData deep-equal
275 silly mapToRegistry name deep-equal
276 silly mapToRegistry using default registry
277 silly mapToRegistry registry https://registry.npmjs.org/
278 silly mapToRegistry uri https://registry.npmjs.org/deep-equal
279 silly fetchNamedPackageData functional-red-black-tree
280 silly mapToRegistry name functional-red-black-tree
281 silly mapToRegistry using default registry
282 silly mapToRegistry registry https://registry.npmjs.org/
283 silly mapToRegistry uri https://registry.npmjs.org/functional-red-black-tree
284 silly fetchNamedPackageData google-gax
285 silly mapToRegistry name google-gax
286 silly mapToRegistry using default registry
287 silly mapToRegistry registry https://registry.npmjs.org/
288 silly mapToRegistry uri https://registry.npmjs.org/google-gax
289 silly fetchNamedPackageData readable-stream
290 silly mapToRegistry name readable-stream
291 silly mapToRegistry using default registry
292 silly mapToRegistry registry https://registry.npmjs.org/
293 silly mapToRegistry uri https://registry.npmjs.org/readable-stream
294 silly fetchNamedPackageData through2
295 silly mapToRegistry name through2
296 silly mapToRegistry using default registry
297 silly mapToRegistry registry https://registry.npmjs.org/
298 silly mapToRegistry uri https://registry.npmjs.org/through2
299 verbose request uri https://registry.npmjs.org/deep-equal
300 verbose request no auth needed
301 info attempt registry request try #1 at 00:06:39
302 verbose etag W/"de3696ebad83f9a3d2737c556ad90728"
303 verbose lastModified Fri, 24 Apr 2020 06:11:42 GMT
304 http request GET https://registry.npmjs.org/deep-equal
305 verbose request uri https://registry.npmjs.org/functional-red-black-tree
306 verbose request no auth needed
307 info attempt registry request try #1 at 00:06:39
308 verbose etag W/"1d15451820d9896655d4bd775230f61e"
309 verbose lastModified Sun, 27 May 2018 01:21:45 GMT
310 http request GET https://registry.npmjs.org/functional-red-black-tree
311 verbose request uri https://registry.npmjs.org/readable-stream
312 verbose request no auth needed
313 info attempt registry request try #1 at 00:06:39
314 verbose etag W/"cd4a066a34bf22a921492b57a292e033"
315 verbose lastModified Thu, 13 Feb 2020 19:42:09 GMT
316 http request GET https://registry.npmjs.org/readable-stream
317 verbose request uri https://registry.npmjs.org/through2
318 verbose request no auth needed
319 info attempt registry request try #1 at 00:06:39
320 verbose etag W/"3c0cc4df44e893566a3a32f3a814d87d"
321 verbose lastModified Fri, 01 Mar 2019 00:53:16 GMT
322 http request GET https://registry.npmjs.org/through2
323 verbose request uri https://registry.npmjs.org/google-gax
324 verbose request no auth needed
325 info attempt registry request try #1 at 00:06:39
326 verbose etag W/"936a41a824ffbcaceb5baf51ae57d70c"
327 verbose lastModified Mon, 04 May 2020 17:27:41 GMT
328 http request GET https://registry.npmjs.org/google-gax
329 http 304 https://registry.npmjs.org/deep-equal
330 verbose headers { date: 'Wed, 13 May 2020 03:06:39 GMT',
330 verbose headers   connection: 'keep-alive',
330 verbose headers   'set-cookie':
330 verbose headers    [ '__cfduid=d087bf91022f9a4ca03438af461c294741589339199; expires=Fri, 12-Jun-20 03:06:39 GMT; path=/; domain=.npmjs.org; HttpOnly; SameSite=Lax' ],
330 verbose headers   'cf-ray': '59292a2b6834d06a-CWB',
330 verbose headers   age: '1241',
330 verbose headers   'cache-control': 'public, max-age=300',
330 verbose headers   etag: '"de3696ebad83f9a3d2737c556ad90728"',
330 verbose headers   'last-modified': 'Fri, 24 Apr 2020 06:11:42 GMT',
330 verbose headers   vary: 'Accept-Encoding',
330 verbose headers   'cf-cache-status': 'HIT',
330 verbose headers   'expect-ct': 'max-age=604800, report-uri="https://report-uri.cloudflare.com/cdn-cgi/beacon/expect-ct"',
330 verbose headers   server: 'cloudflare',
330 verbose headers   'cf-request-id': '02ad98af1e0000d06a74ab4200000001' }
331 silly get cb [ 304,
331 silly get   { date: 'Wed, 13 May 2020 03:06:39 GMT',
331 silly get     connection: 'keep-alive',
331 silly get     'set-cookie':
331 silly get      [ '__cfduid=d087bf91022f9a4ca03438af461c294741589339199; expires=Fri, 12-Jun-20 03:06:39 GMT; path=/; domain=.npmjs.org; HttpOnly; SameSite=Lax' ],
331 silly get     'cf-ray': '59292a2b6834d06a-CWB',
331 silly get     age: '1241',
331 silly get     'cache-control': 'public, max-age=300',
331 silly get     etag: '"de3696ebad83f9a3d2737c556ad90728"',
331 silly get     'last-modified': 'Fri, 24 Apr 2020 06:11:42 GMT',
331 silly get     vary: 'Accept-Encoding',
331 silly get     'cf-cache-status': 'HIT',
331 silly get     'expect-ct': 'max-age=604800, report-uri="https://report-uri.cloudflare.com/cdn-cgi/beacon/expect-ct"',
331 silly get     server: 'cloudflare',
331 silly get     'cf-request-id': '02ad98af1e0000d06a74ab4200000001' } ]
332 verbose etag https://registry.npmjs.org/deep-equal from cache
333 verbose get saving deep-equal to /home/hmjussani/.npm/registry.npmjs.org/deep-equal/.cache.json
334 http 304 https://registry.npmjs.org/functional-red-black-tree
335 verbose headers { date: 'Wed, 13 May 2020 03:06:39 GMT',
335 verbose headers   connection: 'keep-alive',
335 verbose headers   'set-cookie':
335 verbose headers    [ '__cfduid=decf65a2c860d9090ce58acacc1b36a101589339199; expires=Fri, 12-Jun-20 03:06:39 GMT; path=/; domain=.npmjs.org; HttpOnly; SameSite=Lax' ],
335 verbose headers   'cf-ray': '59292a2b6cacd082-CWB',
335 verbose headers   age: '3074',
335 verbose headers   'cache-control': 'public, max-age=300',
335 verbose headers   etag: '"1d15451820d9896655d4bd775230f61e"',
335 verbose headers   'last-modified': 'Sun, 27 May 2018 01:21:45 GMT',
335 verbose headers   vary: 'Accept-Encoding',
335 verbose headers   'cf-cache-status': 'HIT',
335 verbose headers   'expect-ct': 'max-age=604800, report-uri="https://report-uri.cloudflare.com/cdn-cgi/beacon/expect-ct"',
335 verbose headers   server: 'cloudflare',
335 verbose headers   'cf-request-id': '02ad98af1f0000d0826e853200000001' }
336 silly get cb [ 304,
336 silly get   { date: 'Wed, 13 May 2020 03:06:39 GMT',
336 silly get     connection: 'keep-alive',
336 silly get     'set-cookie':
336 silly get      [ '__cfduid=decf65a2c860d9090ce58acacc1b36a101589339199; expires=Fri, 12-Jun-20 03:06:39 GMT; path=/; domain=.npmjs.org; HttpOnly; SameSite=Lax' ],
336 silly get     'cf-ray': '59292a2b6cacd082-CWB',
336 silly get     age: '3074',
336 silly get     'cache-control': 'public, max-age=300',
336 silly get     etag: '"1d15451820d9896655d4bd775230f61e"',
336 silly get     'last-modified': 'Sun, 27 May 2018 01:21:45 GMT',
336 silly get     vary: 'Accept-Encoding',
336 silly get     'cf-cache-status': 'HIT',
336 silly get     'expect-ct': 'max-age=604800, report-uri="https://report-uri.cloudflare.com/cdn-cgi/beacon/expect-ct"',
336 silly get     server: 'cloudflare',
336 silly get     'cf-request-id': '02ad98af1f0000d0826e853200000001' } ]
337 verbose etag https://registry.npmjs.org/functional-red-black-tree from cache
338 verbose get saving functional-red-black-tree to /home/hmjussani/.npm/registry.npmjs.org/functional-red-black-tree/.cache.json
339 http 304 https://registry.npmjs.org/through2
340 verbose headers { date: 'Wed, 13 May 2020 03:06:39 GMT',
340 verbose headers   connection: 'keep-alive',
340 verbose headers   'set-cookie':
340 verbose headers    [ '__cfduid=d4a2dce515307f79c1c17492d92bd1f6b1589339199; expires=Fri, 12-Jun-20 03:06:39 GMT; path=/; domain=.npmjs.org; HttpOnly; SameSite=Lax' ],
340 verbose headers   'cf-ray': '59292a2b7d06d072-CWB',
340 verbose headers   age: '1716',
340 verbose headers   'cache-control': 'public, max-age=300',
340 verbose headers   etag: '"3c0cc4df44e893566a3a32f3a814d87d"',
340 verbose headers   'last-modified': 'Fri, 01 Mar 2019 00:53:16 GMT',
340 verbose headers   vary: 'Accept-Encoding',
340 verbose headers   'cf-cache-status': 'HIT',
340 verbose headers   'expect-ct': 'max-age=604800, report-uri="https://report-uri.cloudflare.com/cdn-cgi/beacon/expect-ct"',
340 verbose headers   server: 'cloudflare',
340 verbose headers   'cf-request-id': '02ad98af280000d0726c31d200000001' }
341 silly get cb [ 304,
341 silly get   { date: 'Wed, 13 May 2020 03:06:39 GMT',
341 silly get     connection: 'keep-alive',
341 silly get     'set-cookie':
341 silly get      [ '__cfduid=d4a2dce515307f79c1c17492d92bd1f6b1589339199; expires=Fri, 12-Jun-20 03:06:39 GMT; path=/; domain=.npmjs.org; HttpOnly; SameSite=Lax' ],
341 silly get     'cf-ray': '59292a2b7d06d072-CWB',
341 silly get     age: '1716',
341 silly get     'cache-control': 'public, max-age=300',
341 silly get     etag: '"3c0cc4df44e893566a3a32f3a814d87d"',
341 silly get     'last-modified': 'Fri, 01 Mar 2019 00:53:16 GMT',
341 silly get     vary: 'Accept-Encoding',
341 silly get     'cf-cache-status': 'HIT',
341 silly get     'expect-ct': 'max-age=604800, report-uri="https://report-uri.cloudflare.com/cdn-cgi/beacon/expect-ct"',
341 silly get     server: 'cloudflare',
341 silly get     'cf-request-id': '02ad98af280000d0726c31d200000001' } ]
342 verbose etag https://registry.npmjs.org/through2 from cache
343 verbose get saving through2 to /home/hmjussani/.npm/registry.npmjs.org/through2/.cache.json
344 http 304 https://registry.npmjs.org/readable-stream
345 verbose headers { date: 'Wed, 13 May 2020 03:06:39 GMT',
345 verbose headers   connection: 'keep-alive',
345 verbose headers   'set-cookie':
345 verbose headers    [ '__cfduid=dc0db625af803edc8271340cdda110aff1589339199; expires=Fri, 12-Jun-20 03:06:39 GMT; path=/; domain=.npmjs.org; HttpOnly; SameSite=Lax' ],
345 verbose headers   'cf-ray': '59292a2b78c1d06e-CWB',
345 verbose headers   age: '3062',
345 verbose headers   'cache-control': 'public, max-age=300',
345 verbose headers   etag: '"cd4a066a34bf22a921492b57a292e033"',
345 verbose headers   'last-modified': 'Thu, 13 Feb 2020 19:42:09 GMT',
345 verbose headers   vary: 'Accept-Encoding',
345 verbose headers   'cf-cache-status': 'HIT',
345 verbose headers   'expect-ct': 'max-age=604800, report-uri="https://report-uri.cloudflare.com/cdn-cgi/beacon/expect-ct"',
345 verbose headers   server: 'cloudflare',
345 verbose headers   'cf-request-id': '02ad98af280000d06e8091d200000001' }
346 silly get cb [ 304,
346 silly get   { date: 'Wed, 13 May 2020 03:06:39 GMT',
346 silly get     connection: 'keep-alive',
346 silly get     'set-cookie':
346 silly get      [ '__cfduid=dc0db625af803edc8271340cdda110aff1589339199; expires=Fri, 12-Jun-20 03:06:39 GMT; path=/; domain=.npmjs.org; HttpOnly; SameSite=Lax' ],
346 silly get     'cf-ray': '59292a2b78c1d06e-CWB',
346 silly get     age: '3062',
346 silly get     'cache-control': 'public, max-age=300',
346 silly get     etag: '"cd4a066a34bf22a921492b57a292e033"',
346 silly get     'last-modified': 'Thu, 13 Feb 2020 19:42:09 GMT',
346 silly get     vary: 'Accept-Encoding',
346 silly get     'cf-cache-status': 'HIT',
346 silly get     'expect-ct': 'max-age=604800, report-uri="https://report-uri.cloudflare.com/cdn-cgi/beacon/expect-ct"',
346 silly get     server: 'cloudflare',
346 silly get     'cf-request-id': '02ad98af280000d06e8091d200000001' } ]
347 verbose etag https://registry.npmjs.org/readable-stream from cache
348 verbose get saving readable-stream to /home/hmjussani/.npm/registry.npmjs.org/readable-stream/.cache.json
349 silly resolveWithNewModule functional-red-black-tree@1.0.1 checking installable status
350 silly cache add args [ 'functional-red-black-tree@^1.0.1', null ]
351 verbose cache add spec functional-red-black-tree@^1.0.1
352 silly cache add parsed spec Result {
352 silly cache add   raw: 'functional-red-black-tree@^1.0.1',
352 silly cache add   scope: null,
352 silly cache add   name: 'functional-red-black-tree',
352 silly cache add   rawSpec: '^1.0.1',
352 silly cache add   spec: '>=1.0.1 <2.0.0',
352 silly cache add   type: 'range' }
353 silly addNamed functional-red-black-tree@>=1.0.1 <2.0.0
354 verbose addNamed ">=1.0.1 <2.0.0" is a valid semver range for functional-red-black-tree
355 silly addNameRange { name: 'functional-red-black-tree',
355 silly addNameRange   range: '>=1.0.1 <2.0.0',
355 silly addNameRange   hasData: false }
356 silly mapToRegistry name functional-red-black-tree
357 silly mapToRegistry using default registry
358 silly mapToRegistry registry https://registry.npmjs.org/
359 silly mapToRegistry uri https://registry.npmjs.org/functional-red-black-tree
360 verbose addNameRange registry:https://registry.npmjs.org/functional-red-black-tree not in flight; fetching
361 silly resolveWithNewModule deep-equal@2.0.3 checking installable status
362 silly cache add args [ 'deep-equal@^2.0.0', null ]
363 verbose cache add spec deep-equal@^2.0.0
364 silly cache add parsed spec Result {
364 silly cache add   raw: 'deep-equal@^2.0.0',
364 silly cache add   scope: null,
364 silly cache add   name: 'deep-equal',
364 silly cache add   rawSpec: '^2.0.0',
364 silly cache add   spec: '>=2.0.0 <3.0.0',
364 silly cache add   type: 'range' }
365 silly addNamed deep-equal@>=2.0.0 <3.0.0
366 verbose addNamed ">=2.0.0 <3.0.0" is a valid semver range for deep-equal
367 silly addNameRange { name: 'deep-equal', range: '>=2.0.0 <3.0.0', hasData: false }
368 silly mapToRegistry name deep-equal
369 silly mapToRegistry using default registry
370 silly mapToRegistry registry https://registry.npmjs.org/
371 silly mapToRegistry uri https://registry.npmjs.org/deep-equal
372 verbose addNameRange registry:https://registry.npmjs.org/deep-equal not in flight; fetching
373 silly resolveWithNewModule through2@3.0.1 checking installable status
374 silly cache add args [ 'through2@^3.0.0', null ]
375 verbose cache add spec through2@^3.0.0
376 silly cache add parsed spec Result {
376 silly cache add   raw: 'through2@^3.0.0',
376 silly cache add   scope: null,
376 silly cache add   name: 'through2',
376 silly cache add   rawSpec: '^3.0.0',
376 silly cache add   spec: '>=3.0.0 <4.0.0',
376 silly cache add   type: 'range' }
377 silly addNamed through2@>=3.0.0 <4.0.0
378 verbose addNamed ">=3.0.0 <4.0.0" is a valid semver range for through2
379 silly addNameRange { name: 'through2', range: '>=3.0.0 <4.0.0', hasData: false }
380 silly mapToRegistry name through2
381 silly mapToRegistry using default registry
382 silly mapToRegistry registry https://registry.npmjs.org/
383 silly mapToRegistry uri https://registry.npmjs.org/through2
384 verbose addNameRange registry:https://registry.npmjs.org/through2 not in flight; fetching
385 silly resolveWithNewModule readable-stream@3.6.0 checking installable status
386 silly cache add args [ 'readable-stream@^3.4.0', null ]
387 verbose cache add spec readable-stream@^3.4.0
388 silly cache add parsed spec Result {
388 silly cache add   raw: 'readable-stream@^3.4.0',
388 silly cache add   scope: null,
388 silly cache add   name: 'readable-stream',
388 silly cache add   rawSpec: '^3.4.0',
388 silly cache add   spec: '>=3.4.0 <4.0.0',
388 silly cache add   type: 'range' }
389 silly addNamed readable-stream@>=3.4.0 <4.0.0
390 verbose addNamed ">=3.4.0 <4.0.0" is a valid semver range for readable-stream
391 silly addNameRange { name: 'readable-stream',
391 silly addNameRange   range: '>=3.4.0 <4.0.0',
391 silly addNameRange   hasData: false }
392 silly mapToRegistry name readable-stream
393 silly mapToRegistry using default registry
394 silly mapToRegistry registry https://registry.npmjs.org/
395 silly mapToRegistry uri https://registry.npmjs.org/readable-stream
396 verbose addNameRange registry:https://registry.npmjs.org/readable-stream not in flight; fetching
397 verbose get https://registry.npmjs.org/deep-equal not expired, no request
398 silly addNameRange number 2 { name: 'deep-equal', range: '>=2.0.0 <3.0.0', hasData: true }
399 silly addNameRange versions [ 'deep-equal',
399 silly addNameRange   [ '0.0.0',
399 silly addNameRange     '0.1.0',
399 silly addNameRange     '0.1.1',
399 silly addNameRange     '0.1.2',
399 silly addNameRange     '0.2.0',
399 silly addNameRange     '0.2.1',
399 silly addNameRange     '0.2.2',
399 silly addNameRange     '1.0.0',
399 silly addNameRange     '1.0.1',
399 silly addNameRange     '1.1.0',
399 silly addNameRange     '1.1.1',
399 silly addNameRange     '2.0.1',
399 silly addNameRange     '2.0.2',
399 silly addNameRange     '2.0.3' ] ]
400 silly addNamed deep-equal@2.0.3
401 verbose addNamed "2.0.3" is a plain semver version for deep-equal
402 verbose get https://registry.npmjs.org/functional-red-black-tree not expired, no request
403 silly addNameRange number 2 { name: 'functional-red-black-tree',
403 silly addNameRange   range: '>=1.0.1 <2.0.0',
403 silly addNameRange   hasData: true }
404 silly addNameRange versions [ 'functional-red-black-tree', [ '0.0.0', '1.0.0', '1.0.1' ] ]
405 silly addNamed functional-red-black-tree@1.0.1
406 verbose addNamed "1.0.1" is a plain semver version for functional-red-black-tree
407 http 304 https://registry.npmjs.org/google-gax
408 verbose headers { date: 'Wed, 13 May 2020 03:06:39 GMT',
408 verbose headers   connection: 'keep-alive',
408 verbose headers   'set-cookie':
408 verbose headers    [ '__cfduid=d0516f60735f11419b5d8a9df4b3c6e0d1589339199; expires=Fri, 12-Jun-20 03:06:39 GMT; path=/; domain=.npmjs.org; HttpOnly; SameSite=Lax' ],
408 verbose headers   'cf-ray': '59292a2bdaabd076-CWB',
408 verbose headers   age: '1079',
408 verbose headers   'cache-control': 'public, max-age=300',
408 verbose headers   etag: '"936a41a824ffbcaceb5baf51ae57d70c"',
408 verbose headers   'last-modified': 'Mon, 04 May 2020 17:27:41 GMT',
408 verbose headers   vary: 'Accept-Encoding',
408 verbose headers   'cf-cache-status': 'HIT',
408 verbose headers   'expect-ct': 'max-age=604800, report-uri="https://report-uri.cloudflare.com/cdn-cgi/beacon/expect-ct"',
408 verbose headers   server: 'cloudflare',
408 verbose headers   'cf-request-id': '02ad98af670000d0768a9de200000001' }
409 silly get cb [ 304,
409 silly get   { date: 'Wed, 13 May 2020 03:06:39 GMT',
409 silly get     connection: 'keep-alive',
409 silly get     'set-cookie':
409 silly get      [ '__cfduid=d0516f60735f11419b5d8a9df4b3c6e0d1589339199; expires=Fri, 12-Jun-20 03:06:39 GMT; path=/; domain=.npmjs.org; HttpOnly; SameSite=Lax' ],
409 silly get     'cf-ray': '59292a2bdaabd076-CWB',
409 silly get     age: '1079',
409 silly get     'cache-control': 'public, max-age=300',
409 silly get     etag: '"936a41a824ffbcaceb5baf51ae57d70c"',
409 silly get     'last-modified': 'Mon, 04 May 2020 17:27:41 GMT',
409 silly get     vary: 'Accept-Encoding',
409 silly get     'cf-cache-status': 'HIT',
409 silly get     'expect-ct': 'max-age=604800, report-uri="https://report-uri.cloudflare.com/cdn-cgi/beacon/expect-ct"',
409 silly get     server: 'cloudflare',
409 silly get     'cf-request-id': '02ad98af670000d0768a9de200000001' } ]
410 verbose etag https://registry.npmjs.org/google-gax from cache
411 verbose get saving google-gax to /home/hmjussani/.npm/registry.npmjs.org/google-gax/.cache.json
412 verbose get https://registry.npmjs.org/through2 not expired, no request
413 silly addNameRange number 2 { name: 'through2', range: '>=3.0.0 <4.0.0', hasData: true }
414 silly addNameRange versions [ 'through2',
414 silly addNameRange   [ '0.0.0',
414 silly addNameRange     '0.0.1',
414 silly addNameRange     '0.0.2',
414 silly addNameRange     '0.0.3',
414 silly addNameRange     '0.0.4',
414 silly addNameRange     '0.0.5',
414 silly addNameRange     '0.1.0',
414 silly addNameRange     '0.2.0',
414 silly addNameRange     '0.2.1',
414 silly addNameRange     '0.2.2',
414 silly addNameRange     '0.2.3',
414 silly addNameRange     '0.3.0',
414 silly addNameRange     '0.4.0',
414 silly addNameRange     '0.4.1',
414 silly addNameRange     '1.0.0',
414 silly addNameRange     '0.4.2',
414 silly addNameRange     '0.5.0',
414 silly addNameRange     '0.5.1',
414 silly addNameRange     '0.6.0',
414 silly addNameRange     '1.1.0',
414 silly addNameRange     '0.6.1',
414 silly addNameRange     '1.1.1',
414 silly addNameRange     '0.6.2',
414 silly addNameRange     '0.6.3',
414 silly addNameRange     '0.6.4',
414 silly addNameRange     '0.6.5',
414 silly addNameRange     '2.0.0',
414 silly addNameRange     '2.0.1',
414 silly addNameRange     '2.0.2',
414 silly addNameRange     '2.0.3',
414 silly addNameRange     '2.0.4',
414 silly addNameRange     '2.0.5',
414 silly addNameRange     '3.0.0',
414 silly addNameRange     '3.0.1' ] ]
415 silly addNamed through2@3.0.1
416 verbose addNamed "3.0.1" is a plain semver version for through2
417 verbose get https://registry.npmjs.org/readable-stream not expired, no request
418 silly addNameRange number 2 { name: 'readable-stream',
418 silly addNameRange   range: '>=3.4.0 <4.0.0',
418 silly addNameRange   hasData: true }
419 silly addNameRange versions [ 'readable-stream',
419 silly addNameRange   [ '0.0.1',
419 silly addNameRange     '0.0.2',
419 silly addNameRange     '0.0.3',
419 silly addNameRange     '0.0.4',
419 silly addNameRange     '0.1.0',
419 silly addNameRange     '0.2.0',
419 silly addNameRange     '0.3.0',
419 silly addNameRange     '0.3.1',
419 silly addNameRange     '1.0.0',
419 silly addNameRange     '1.0.1',
419 silly addNameRange     '1.0.2',
419 silly addNameRange     '1.0.15',
419 silly addNameRange     '1.0.17',
419 silly addNameRange     '1.1.7',
419 silly addNameRange     '1.1.8',
419 silly addNameRange     '1.1.9',
419 silly addNameRange     '1.0.24',
419 silly addNameRange     '1.0.25',
419 silly addNameRange     '1.1.10',
419 silly addNameRange     '1.0.25-1',
419 silly addNameRange     '1.1.11',
419 silly addNameRange     '1.0.26',
419 silly addNameRange     '1.0.26-1',
419 silly addNameRange     '1.1.11-1',
419 silly addNameRange     '1.0.26-2',
419 silly addNameRange     '1.1.12',
419 silly addNameRange     '1.0.26-3',
419 silly addNameRange     '1.0.26-4',
419 silly addNameRange     '1.1.12-1',
419 silly addNameRange     '1.0.27-1',
419 silly addNameRange     '1.1.13-1',
419 silly addNameRange     '1.0.31',
419 silly addNameRange     '1.1.13',
419 silly addNameRange     '1.0.32',
419 silly addNameRange     '1.0.32-1',
419 silly addNameRange     '1.0.33-1',
419 silly addNameRange     '1.0.33-2',
419 silly addNameRange     '1.0.33',
419 silly addNameRange     '2.0.0',
419 silly addNameRange     '2.0.1',
419 silly addNameRange     '2.0.2',
419 silly addNameRange     '2.0.3',
419 silly addNameRange     '2.0.4',
419 silly addNameRange     '2.0.5',
419 silly addNameRange     '2.0.6',
419 silly addNameRange     '1.0.34',
419 silly addNameRange     '1.1.14',
419 silly addNameRange     '2.1.0',
419 silly addNameRange     '2.1.1',
419 silly addNameRange     '2.1.2',
419 silly addNameRange     '2.1.3',
419 silly addNameRange     '2.1.4',
419 silly addNameRange     '2.1.5',
419 silly addNameRange     '2.2.0',
419 silly addNameRange     '2.2.1',
419 silly addNameRange     '2.2.2',
419 silly addNameRange     '2.2.3',
419 silly addNameRange     '2.2.4',
419 silly addNameRange     '2.2.5',
419 silly addNameRange     '2.2.6',
419 silly addNameRange     '2.2.7',
419 silly addNameRange     '2.2.8',
419 silly addNameRange     '2.2.9',
419 silly addNameRange     '2.2.10',
419 silly addNameRange     '2.2.11',
419 silly addNameRange     '2.3.0',
419 silly addNameRange     '2.3.1',
419 silly addNameRange     '2.3.2',
419 silly addNameRange     '2.3.3',
419 silly addNameRange     '2.3.4',
419 silly addNameRange     '2.3.5',
419 silly addNameRange     '2.3.6',
419 silly addNameRange     '3.0.0-rc.1',
419 silly addNameRange     '3.0.0-rc.2',
419 silly addNameRange     '3.0.0-rc.3',
419 silly addNameRange     '3.0.0',
419 silly addNameRange     '3.0.1',
419 silly addNameRange     '3.0.2',
419 silly addNameRange     '3.0.3',
419 silly addNameRange     '3.0.4',
419 silly addNameRange     '3.0.5',
419 silly addNameRange     '3.0.6',
419 silly addNameRange     '3.1.0',
419 silly addNameRange     '3.1.1',
419 silly addNameRange     '3.2.0',
419 silly addNameRange     '3.3.0',
419 silly addNameRange     '3.4.0',
419 silly addNameRange     '2.3.7',
419 silly addNameRange     '3.5.0',
419 silly addNameRange     '3.6.0' ] ]
420 silly addNamed readable-stream@3.6.0
421 verbose addNamed "3.6.0" is a plain semver version for readable-stream
422 silly cache afterAdd deep-equal@2.0.3
423 verbose afterAdd /home/hmjussani/.npm/deep-equal/2.0.3/package/package.json not in flight; writing
424 silly cache afterAdd functional-red-black-tree@1.0.1
425 verbose afterAdd /home/hmjussani/.npm/functional-red-black-tree/1.0.1/package/package.json not in flight; writing
426 silly cache afterAdd through2@3.0.1
427 verbose afterAdd /home/hmjussani/.npm/through2/3.0.1/package/package.json not in flight; writing
428 silly cache afterAdd readable-stream@3.6.0
429 verbose afterAdd /home/hmjussani/.npm/readable-stream/3.6.0/package/package.json not in flight; writing
430 verbose afterAdd /home/hmjussani/.npm/deep-equal/2.0.3/package/package.json written
431 silly resolveWithNewModule google-gax@1.15.3 checking installable status
432 silly cache add args [ 'google-gax@^1.13.0', null ]
433 verbose cache add spec google-gax@^1.13.0
434 silly cache add parsed spec Result {
434 silly cache add   raw: 'google-gax@^1.13.0',
434 silly cache add   scope: null,
434 silly cache add   name: 'google-gax',
434 silly cache add   rawSpec: '^1.13.0',
434 silly cache add   spec: '>=1.13.0 <2.0.0',
434 silly cache add   type: 'range' }
435 silly addNamed google-gax@>=1.13.0 <2.0.0
436 verbose addNamed ">=1.13.0 <2.0.0" is a valid semver range for google-gax
437 silly addNameRange { name: 'google-gax', range: '>=1.13.0 <2.0.0', hasData: false }
438 silly mapToRegistry name google-gax
439 silly mapToRegistry using default registry
440 silly mapToRegistry registry https://registry.npmjs.org/
441 silly mapToRegistry uri https://registry.npmjs.org/google-gax
442 verbose addNameRange registry:https://registry.npmjs.org/google-gax not in flight; fetching
443 verbose afterAdd /home/hmjussani/.npm/functional-red-black-tree/1.0.1/package/package.json written
444 verbose afterAdd /home/hmjussani/.npm/through2/3.0.1/package/package.json written
445 verbose afterAdd /home/hmjussani/.npm/readable-stream/3.6.0/package/package.json written
446 verbose get https://registry.npmjs.org/google-gax not expired, no request
447 silly addNameRange number 2 { name: 'google-gax', range: '>=1.13.0 <2.0.0', hasData: true }
448 silly addNameRange versions [ 'google-gax',
448 silly addNameRange   [ '0.3.0',
448 silly addNameRange     '0.3.1',
448 silly addNameRange     '0.3.2',
448 silly addNameRange     '0.5.0',
448 silly addNameRange     '0.5.1',
448 silly addNameRange     '0.5.2',
448 silly addNameRange     '0.6.0',
448 silly addNameRange     '0.7.0',
448 silly addNameRange     '0.8.0',
448 silly addNameRange     '0.8.1',
448 silly addNameRange     '0.9.0',
448 silly addNameRange     '0.9.1',
448 silly addNameRange     '0.10.0',
448 silly addNameRange     '0.10.1',
448 silly addNameRange     '0.10.2',
448 silly addNameRange     '0.10.3',
448 silly addNameRange     '0.10.4',
448 silly addNameRange     '0.10.5',
448 silly addNameRange     '0.10.6',
448 silly addNameRange     '0.10.7',
448 silly addNameRange     '0.10.8',
448 silly addNameRange     '0.11.0',
448 silly addNameRange     '0.12.0',
448 silly addNameRange     '0.12.1',
448 silly addNameRange     '0.12.2',
448 silly addNameRange     '0.12.3',
448 silly addNameRange     '0.13.0',
448 silly addNameRange     '0.13.1',
448 silly addNameRange     '0.13.2',
448 silly addNameRange     '0.13.3',
448 silly addNameRange     '0.13.4',
448 silly addNameRange     '0.13.5',
448 silly addNameRange     '0.14.0',
448 silly addNameRange     '0.14.1',
448 silly addNameRange     '0.14.2',
448 silly addNameRange     '0.14.3',
448 silly addNameRange     '0.14.4',
448 silly addNameRange     '0.14.5',
448 silly addNameRange     '0.15.0',
448 silly addNameRange     '0.16.0',
448 silly addNameRange     '0.16.1',
448 silly addNameRange     '0.17.0',
448 silly addNameRange     '0.17.1',
448 silly addNameRange     '0.18.0',
448 silly addNameRange     '0.19.0',
448 silly addNameRange     '0.20.0',
448 silly addNameRange     '0.21.0',
448 silly addNameRange     '0.22.0',
448 silly addNameRange     '0.22.1',
448 silly addNameRange     '0.23.0',
448 silly addNameRange     '0.24.0',
448 silly addNameRange     '0.25.0',
448 silly addNameRange     '0.25.1',
448 silly addNameRange     '0.25.2',
448 silly addNameRange     '0.25.3',
448 silly addNameRange     '0.25.4',
448 silly addNameRange     '0.25.5',
448 silly addNameRange     '0.25.6',
448 silly addNameRange     '0.26.0',
448 silly addNameRange     '1.0.0',
448 silly addNameRange     '1.1.0',
448 silly addNameRange     '1.1.1',
448 silly addNameRange     '1.1.2',
448 silly addNameRange     '1.1.3',
448 silly addNameRange     '1.1.4',
448 silly addNameRange     '1.1.5',
448 silly addNameRange     '1.2.0',
448 silly addNameRange     '1.2.1',
448 silly addNameRange     '1.3.0',
448 silly addNameRange     '1.4.0',
448 silly addNameRange     '1.5.0',
448 silly addNameRange     '1.5.1',
448 silly addNameRange     '1.5.2',
448 silly addNameRange     '1.6.0',
448 silly addNameRange     '1.6.1',
448 silly addNameRange     '1.6.2',
448 silly addNameRange     '1.6.3',
448 silly addNameRange     '1.6.4',
448 silly addNameRange     '1.7.0',
448 silly addNameRange     '1.7.1',
448 silly addNameRange     '1.7.2',
448 silly addNameRange     '1.7.3',
448 silly addNameRange     '1.7.4',
448 silly addNameRange     '1.7.5',
448 silly addNameRange     '1.8.0',
448 silly addNameRange     '1.8.1-pre',
448 silly addNameRange     '1.9.0',
448 silly addNameRange     '1.9.1',
448 silly addNameRange     '1.10.0',
448 silly addNameRange     '1.11.0',
448 silly addNameRange     '1.11.1',
448 silly addNameRange     '1.11.2-pre',
448 silly addNameRange     '1.11.2',
448 silly addNameRange     '1.12.0',
448 silly addNameRange     '1.13.0',
448 silly addNameRange     '1.14.0',
448 silly addNameRange     '1.14.1',
448 silly addNameRange     '1.14.2',
448 silly addNameRange     '1.15.0-pre',
448 silly addNameRange     '1.15.0',
448 silly addNameRange     ... 126 more items ] ]
449 silly addNamed google-gax@1.15.3
450 verbose addNamed "1.15.3" is a plain semver version for google-gax
451 silly cache afterAdd google-gax@1.15.3
452 verbose afterAdd /home/hmjussani/.npm/google-gax/1.15.3/package/package.json not in flight; writing
453 verbose afterAdd /home/hmjussani/.npm/google-gax/1.15.3/package/package.json written
454 silly fetchNamedPackageData es-abstract
455 silly mapToRegistry name es-abstract
456 silly mapToRegistry using default registry
457 silly mapToRegistry registry https://registry.npmjs.org/
458 silly mapToRegistry uri https://registry.npmjs.org/es-abstract
459 silly fetchNamedPackageData es-get-iterator
460 silly mapToRegistry name es-get-iterator
461 silly mapToRegistry using default registry
462 silly mapToRegistry registry https://registry.npmjs.org/
463 silly mapToRegistry uri https://registry.npmjs.org/es-get-iterator
464 silly fetchNamedPackageData is-arguments
465 silly mapToRegistry name is-arguments
466 silly mapToRegistry using default registry
467 silly mapToRegistry registry https://registry.npmjs.org/
468 silly mapToRegistry uri https://registry.npmjs.org/is-arguments
469 silly fetchNamedPackageData is-date-object
470 silly mapToRegistry name is-date-object
471 silly mapToRegistry using default registry
472 silly mapToRegistry registry https://registry.npmjs.org/
473 silly mapToRegistry uri https://registry.npmjs.org/is-date-object
474 silly fetchNamedPackageData is-regex
475 silly mapToRegistry name is-regex
476 silly mapToRegistry using default registry
477 silly mapToRegistry registry https://registry.npmjs.org/
478 silly mapToRegistry uri https://registry.npmjs.org/is-regex
479 silly fetchNamedPackageData isarray
480 silly mapToRegistry name isarray
481 silly mapToRegistry using default registry
482 silly mapToRegistry registry https://registry.npmjs.org/
483 silly mapToRegistry uri https://registry.npmjs.org/isarray
484 silly fetchNamedPackageData object.assign
485 silly mapToRegistry name object.assign
486 silly mapToRegistry using default registry
487 silly mapToRegistry registry https://registry.npmjs.org/
488 silly mapToRegistry uri https://registry.npmjs.org/object.assign
489 silly fetchNamedPackageData object-is
490 silly mapToRegistry name object-is
491 silly mapToRegistry using default registry
492 silly mapToRegistry registry https://registry.npmjs.org/
493 silly mapToRegistry uri https://registry.npmjs.org/object-is
494 silly fetchNamedPackageData object-keys
495 silly mapToRegistry name object-keys
496 silly mapToRegistry using default registry
497 silly mapToRegistry registry https://registry.npmjs.org/
498 silly mapToRegistry uri https://registry.npmjs.org/object-keys
499 silly fetchNamedPackageData regexp.prototype.flags
500 silly mapToRegistry name regexp.prototype.flags
501 silly mapToRegistry using default registry
502 silly mapToRegistry registry https://registry.npmjs.org/
503 silly mapToRegistry uri https://registry.npmjs.org/regexp.prototype.flags
504 silly fetchNamedPackageData side-channel
505 silly mapToRegistry name side-channel
506 silly mapToRegistry using default registry
507 silly mapToRegistry registry https://registry.npmjs.org/
508 silly mapToRegistry uri https://registry.npmjs.org/side-channel
509 silly fetchNamedPackageData which-boxed-primitive
510 silly mapToRegistry name which-boxed-primitive
511 silly mapToRegistry using default registry
512 silly mapToRegistry registry https://registry.npmjs.org/
513 silly mapToRegistry uri https://registry.npmjs.org/which-boxed-primitive
514 silly fetchNamedPackageData which-collection
515 silly mapToRegistry name which-collection
516 silly mapToRegistry using default registry
517 silly mapToRegistry registry https://registry.npmjs.org/
518 silly mapToRegistry uri https://registry.npmjs.org/which-collection
519 silly fetchNamedPackageData which-typed-array
520 silly mapToRegistry name which-typed-array
521 silly mapToRegistry using default registry
522 silly mapToRegistry registry https://registry.npmjs.org/
523 silly mapToRegistry uri https://registry.npmjs.org/which-typed-array
524 verbose request uri https://registry.npmjs.org/es-get-iterator
525 verbose request no auth needed
526 info attempt registry request try #1 at 00:06:39
527 verbose etag W/"e7dc7163068865f6afc51f09aee3cf1d"
528 verbose lastModified Sun, 26 Jan 2020 05:51:16 GMT
529 http request GET https://registry.npmjs.org/es-get-iterator
530 verbose request uri https://registry.npmjs.org/es-abstract
531 verbose request no auth needed
532 info attempt registry request try #1 at 00:06:39
533 verbose etag W/"2e9159d3fb8d1ca938892c5e3cdd7bff"
534 verbose lastModified Sun, 22 Mar 2020 20:27:00 GMT
535 http request GET https://registry.npmjs.org/es-abstract
536 verbose request uri https://registry.npmjs.org/is-arguments
537 verbose request no auth needed
538 info attempt registry request try #1 at 00:06:39
539 verbose etag W/"5ad1c4477edd9d858eb905974804ace2"
540 verbose lastModified Tue, 12 Nov 2019 20:31:16 GMT
541 http request GET https://registry.npmjs.org/is-arguments
542 verbose request uri https://registry.npmjs.org/is-date-object
543 verbose request no auth needed
544 info attempt registry request try #1 at 00:06:39
545 verbose etag W/"1aa47282e9c700ab53fa683bd9a8f639"
546 verbose lastModified Thu, 19 Dec 2019 04:18:23 GMT
547 http request GET https://registry.npmjs.org/is-date-object
548 verbose request uri https://registry.npmjs.org/isarray
549 verbose request no auth needed
550 info attempt registry request try #1 at 00:06:39
551 verbose etag W/"f8d13869b081e2301428e8269cb470a1"
552 verbose lastModified Mon, 08 Jul 2019 13:21:26 GMT
553 http request GET https://registry.npmjs.org/isarray
554 verbose request uri https://registry.npmjs.org/is-regex
555 verbose request no auth needed
556 info attempt registry request try #1 at 00:06:39
557 verbose etag W/"bed96261eebc1611dbc6c00e5bb07a4e"
558 verbose lastModified Sun, 15 Dec 2019 23:58:21 GMT
559 http request GET https://registry.npmjs.org/is-regex
560 verbose request uri https://registry.npmjs.org/object.assign
561 verbose request no auth needed
562 info attempt registry request try #1 at 00:06:39
563 verbose etag W/"1282f7717849b12cbdb10309c489c1d0"
564 verbose lastModified Sat, 28 Mar 2020 22:27:51 GMT
565 http request GET https://registry.npmjs.org/object.assign
566 verbose request uri https://registry.npmjs.org/object-is
567 verbose request no auth needed
568 info attempt registry request try #1 at 00:06:39
569 verbose etag W/"c02e88ef64d40c696856127ca4a4a455"
570 verbose lastModified Tue, 14 Apr 2020 19:51:25 GMT
571 http request GET https://registry.npmjs.org/object-is
572 verbose request uri https://registry.npmjs.org/regexp.prototype.flags
573 verbose request no auth needed
574 info attempt registry request try #1 at 00:06:39
575 verbose etag W/"2a8e7c4a69e56678194822bf915682e2"
576 verbose lastModified Sat, 28 Mar 2020 22:26:52 GMT
577 http request GET https://registry.npmjs.org/regexp.prototype.flags
578 verbose request uri https://registry.npmjs.org/object-keys
579 verbose request no auth needed
580 info attempt registry request try #1 at 00:06:39
581 verbose etag W/"4d8a5ba7861c3a8f55a12aa0923a32a5"
582 verbose lastModified Sat, 28 Mar 2020 22:27:55 GMT
583 http request GET https://registry.npmjs.org/object-keys
584 verbose request uri https://registry.npmjs.org/side-channel
585 verbose request no auth needed
586 info attempt registry request try #1 at 00:06:39
587 verbose etag W/"d185a43e520e5c884b60e6720924e0d6"
588 verbose lastModified Fri, 20 Dec 2019 19:45:49 GMT
589 http request GET https://registry.npmjs.org/side-channel
590 verbose request uri https://registry.npmjs.org/which-boxed-primitive
591 verbose request no auth needed
592 info attempt registry request try #1 at 00:06:39
593 verbose etag W/"b70c0eb132b6d04a1c78521b0748a87b"
594 verbose lastModified Sun, 19 Jan 2020 08:54:44 GMT
595 http request GET https://registry.npmjs.org/which-boxed-primitive
596 verbose request uri https://registry.npmjs.org/which-typed-array
597 verbose request no auth needed
598 info attempt registry request try #1 at 00:06:39
599 verbose etag W/"cb6cbcdf23bd3028d07017e2889a340e"
600 verbose lastModified Wed, 08 Apr 2020 05:05:06 GMT
601 http request GET https://registry.npmjs.org/which-typed-array
602 verbose request uri https://registry.npmjs.org/which-collection
603 verbose request no auth needed
604 info attempt registry request try #1 at 00:06:39
605 verbose etag W/"80c5cd24aa0aa1e9d0f609e45b233533"
606 verbose lastModified Sun, 26 Jan 2020 21:12:32 GMT
607 http request GET https://registry.npmjs.org/which-collection
608 http 304 https://registry.npmjs.org/es-abstract
609 verbose headers { date: 'Wed, 13 May 2020 03:06:39 GMT',
609 verbose headers   connection: 'keep-alive',
609 verbose headers   'set-cookie':
609 verbose headers    [ '__cfduid=d087bf91022f9a4ca03438af461c294741589339199; expires=Fri, 12-Jun-20 03:06:39 GMT; path=/; domain=.npmjs.org; HttpOnly; SameSite=Lax' ],
609 verbose headers   'cf-ray': '59292a2d6aa9d06a-CWB',
609 verbose headers   age: '1713',
609 verbose headers   'cache-control': 'public, max-age=300',
609 verbose headers   etag: '"2e9159d3fb8d1ca938892c5e3cdd7bff"',
609 verbose headers   'last-modified': 'Sun, 22 Mar 2020 20:27:00 GMT',
609 verbose headers   vary: 'Accept-Encoding',
609 verbose headers   'cf-cache-status': 'HIT',
609 verbose headers   'expect-ct': 'max-age=604800, report-uri="https://report-uri.cloudflare.com/cdn-cgi/beacon/expect-ct"',
609 verbose headers   server: 'cloudflare',
609 verbose headers   'cf-request-id': '02ad98b05e0000d06a74acf200000001' }
610 silly get cb [ 304,
610 silly get   { date: 'Wed, 13 May 2020 03:06:39 GMT',
610 silly get     connection: 'keep-alive',
610 silly get     'set-cookie':
610 silly get      [ '__cfduid=d087bf91022f9a4ca03438af461c294741589339199; expires=Fri, 12-Jun-20 03:06:39 GMT; path=/; domain=.npmjs.org; HttpOnly; SameSite=Lax' ],
610 silly get     'cf-ray': '59292a2d6aa9d06a-CWB',
610 silly get     age: '1713',
610 silly get     'cache-control': 'public, max-age=300',
610 silly get     etag: '"2e9159d3fb8d1ca938892c5e3cdd7bff"',
610 silly get     'last-modified': 'Sun, 22 Mar 2020 20:27:00 GMT',
610 silly get     vary: 'Accept-Encoding',
610 silly get     'cf-cache-status': 'HIT',
610 silly get     'expect-ct': 'max-age=604800, report-uri="https://report-uri.cloudflare.com/cdn-cgi/beacon/expect-ct"',
610 silly get     server: 'cloudflare',
610 silly get     'cf-request-id': '02ad98b05e0000d06a74acf200000001' } ]
611 verbose etag https://registry.npmjs.org/es-abstract from cache
612 verbose get saving es-abstract to /home/hmjussani/.npm/registry.npmjs.org/es-abstract/.cache.json
613 http 304 https://registry.npmjs.org/is-date-object
614 verbose headers { date: 'Wed, 13 May 2020 03:06:39 GMT',
614 verbose headers   connection: 'keep-alive',
614 verbose headers   'set-cookie':
614 verbose headers    [ '__cfduid=d4a2dce515307f79c1c17492d92bd1f6b1589339199; expires=Fri, 12-Jun-20 03:06:39 GMT; path=/; domain=.npmjs.org; HttpOnly; SameSite=Lax' ],
614 verbose headers   'cf-ray': '59292a2d6826d072-CWB',
614 verbose headers   age: '1278',
614 verbose headers   'cache-control': 'public, max-age=300',
614 verbose headers   etag: '"1aa47282e9c700ab53fa683bd9a8f639"',
614 verbose headers   'last-modified': 'Thu, 19 Dec 2019 04:18:23 GMT',
614 verbose headers   vary: 'Accept-Encoding',
614 verbose headers   'cf-cache-status': 'HIT',
614 verbose headers   'expect-ct': 'max-age=604800, report-uri="https://report-uri.cloudflare.com/cdn-cgi/beacon/expect-ct"',
614 verbose headers   server: 'cloudflare',
614 verbose headers   'cf-request-id': '02ad98b05f0000d0726c32d200000001' }
615 silly get cb [ 304,
615 silly get   { date: 'Wed, 13 May 2020 03:06:39 GMT',
615 silly get     connection: 'keep-alive',
615 silly get     'set-cookie':
615 silly get      [ '__cfduid=d4a2dce515307f79c1c17492d92bd1f6b1589339199; expires=Fri, 12-Jun-20 03:06:39 GMT; path=/; domain=.npmjs.org; HttpOnly; SameSite=Lax' ],
615 silly get     'cf-ray': '59292a2d6826d072-CWB',
615 silly get     age: '1278',
615 silly get     'cache-control': 'public, max-age=300',
615 silly get     etag: '"1aa47282e9c700ab53fa683bd9a8f639"',
615 silly get     'last-modified': 'Thu, 19 Dec 2019 04:18:23 GMT',
615 silly get     vary: 'Accept-Encoding',
615 silly get     'cf-cache-status': 'HIT',
615 silly get     'expect-ct': 'max-age=604800, report-uri="https://report-uri.cloudflare.com/cdn-cgi/beacon/expect-ct"',
615 silly get     server: 'cloudflare',
615 silly get     'cf-request-id': '02ad98b05f0000d0726c32d200000001' } ]
616 verbose etag https://registry.npmjs.org/is-date-object from cache
617 verbose get saving is-date-object to /home/hmjussani/.npm/registry.npmjs.org/is-date-object/.cache.json
618 http 304 https://registry.npmjs.org/es-get-iterator
619 verbose headers { date: 'Wed, 13 May 2020 03:06:39 GMT',
619 verbose headers   connection: 'keep-alive',
619 verbose headers   'set-cookie':
619 verbose headers    [ '__cfduid=decf65a2c860d9090ce58acacc1b36a101589339199; expires=Fri, 12-Jun-20 03:06:39 GMT; path=/; domain=.npmjs.org; HttpOnly; SameSite=Lax' ],
619 verbose headers   'cf-ray': '59292a2d6f88d082-CWB',
619 verbose headers   age: '1713',
619 verbose headers   'cache-control': 'public, max-age=300',
619 verbose headers   etag: '"e7dc7163068865f6afc51f09aee3cf1d"',
619 verbose headers   'last-modified': 'Sun, 26 Jan 2020 05:51:16 GMT',
619 verbose headers   vary: 'Accept-Encoding',
619 verbose headers   'cf-cache-status': 'HIT',
619 verbose headers   'expect-ct': 'max-age=604800, report-uri="https://report-uri.cloudflare.com/cdn-cgi/beacon/expect-ct"',
619 verbose headers   server: 'cloudflare',
619 verbose headers   'cf-request-id': '02ad98b05e0000d08269a99200000001' }
620 silly get cb [ 304,
620 silly get   { date: 'Wed, 13 May 2020 03:06:39 GMT',
620 silly get     connection: 'keep-alive',
620 silly get     'set-cookie':
620 silly get      [ '__cfduid=decf65a2c860d9090ce58acacc1b36a101589339199; expires=Fri, 12-Jun-20 03:06:39 GMT; path=/; domain=.npmjs.org; HttpOnly; SameSite=Lax' ],
620 silly get     'cf-ray': '59292a2d6f88d082-CWB',
620 silly get     age: '1713',
620 silly get     'cache-control': 'public, max-age=300',
620 silly get     etag: '"e7dc7163068865f6afc51f09aee3cf1d"',
620 silly get     'last-modified': 'Sun, 26 Jan 2020 05:51:16 GMT',
620 silly get     vary: 'Accept-Encoding',
620 silly get     'cf-cache-status': 'HIT',
620 silly get     'expect-ct': 'max-age=604800, report-uri="https://report-uri.cloudflare.com/cdn-cgi/beacon/expect-ct"',
620 silly get     server: 'cloudflare',
620 silly get     'cf-request-id': '02ad98b05e0000d08269a99200000001' } ]
621 verbose etag https://registry.npmjs.org/es-get-iterator from cache
622 verbose get saving es-get-iterator to /home/hmjussani/.npm/registry.npmjs.org/es-get-iterator/.cache.json
623 http 304 https://registry.npmjs.org/is-arguments
624 verbose headers { date: 'Wed, 13 May 2020 03:06:39 GMT',
624 verbose headers   connection: 'keep-alive',
624 verbose headers   'set-cookie':
624 verbose headers    [ '__cfduid=decf65a2c860d9090ce58acacc1b36a101589339199; expires=Fri, 12-Jun-20 03:06:39 GMT; path=/; domain=.npmjs.org; HttpOnly; SameSite=Lax' ],
624 verbose headers   'cf-ray': '59292a2d6f89d082-CWB',
624 verbose headers   age: '1233',
624 verbose headers   'cache-control': 'public, max-age=300',
624 verbose headers   etag: '"5ad1c4477edd9d858eb905974804ace2"',
624 verbose headers   'last-modified': 'Tue, 12 Nov 2019 20:31:16 GMT',
624 verbose headers   vary: 'Accept-Encoding',
624 verbose headers   'cf-cache-status': 'HIT',
624 verbose headers   'expect-ct': 'max-age=604800, report-uri="https://report-uri.cloudflare.com/cdn-cgi/beacon/expect-ct"',
624 verbose headers   server: 'cloudflare',
624 verbose headers   'cf-request-id': '02ad98b05f0000d0826e860200000001' }
625 silly get cb [ 304,
625 silly get   { date: 'Wed, 13 May 2020 03:06:39 GMT',
625 silly get     connection: 'keep-alive',
625 silly get     'set-cookie':
625 silly get      [ '__cfduid=decf65a2c860d9090ce58acacc1b36a101589339199; expires=Fri, 12-Jun-20 03:06:39 GMT; path=/; domain=.npmjs.org; HttpOnly; SameSite=Lax' ],
625 silly get     'cf-ray': '59292a2d6f89d082-CWB',
625 silly get     age: '1233',
625 silly get     'cache-control': 'public, max-age=300',
625 silly get     etag: '"5ad1c4477edd9d858eb905974804ace2"',
625 silly get     'last-modified': 'Tue, 12 Nov 2019 20:31:16 GMT',
625 silly get     vary: 'Accept-Encoding',
625 silly get     'cf-cache-status': 'HIT',
625 silly get     'expect-ct': 'max-age=604800, report-uri="https://report-uri.cloudflare.com/cdn-cgi/beacon/expect-ct"',
625 silly get     server: 'cloudflare',
625 silly get     'cf-request-id': '02ad98b05f0000d0826e860200000001' } ]
626 verbose etag https://registry.npmjs.org/is-arguments from cache
627 verbose get saving is-arguments to /home/hmjussani/.npm/registry.npmjs.org/is-arguments/.cache.json
628 silly resolveWithNewModule es-abstract@1.17.5 checking installable status
629 silly cache add args [ 'es-abstract@^1.17.5', null ]
630 verbose cache add spec es-abstract@^1.17.5
631 silly cache add parsed spec Result {
631 silly cache add   raw: 'es-abstract@^1.17.5',
631 silly cache add   scope: null,
631 silly cache add   name: 'es-abstract',
631 silly cache add   rawSpec: '^1.17.5',
631 silly cache add   spec: '>=1.17.5 <2.0.0',
631 silly cache add   type: 'range' }
632 silly addNamed es-abstract@>=1.17.5 <2.0.0
633 verbose addNamed ">=1.17.5 <2.0.0" is a valid semver range for es-abstract
634 silly addNameRange { name: 'es-abstract', range: '>=1.17.5 <2.0.0', hasData: false }
635 silly mapToRegistry name es-abstract
636 silly mapToRegistry using default registry
637 silly mapToRegistry registry https://registry.npmjs.org/
638 silly mapToRegistry uri https://registry.npmjs.org/es-abstract
639 verbose addNameRange registry:https://registry.npmjs.org/es-abstract not in flight; fetching
640 silly resolveWithNewModule is-date-object@1.0.2 checking installable status
641 silly cache add args [ 'is-date-object@^1.0.2', null ]
642 verbose cache add spec is-date-object@^1.0.2
643 silly cache add parsed spec Result {
643 silly cache add   raw: 'is-date-object@^1.0.2',
643 silly cache add   scope: null,
643 silly cache add   name: 'is-date-object',
643 silly cache add   rawSpec: '^1.0.2',
643 silly cache add   spec: '>=1.0.2 <2.0.0',
643 silly cache add   type: 'range' }
644 silly addNamed is-date-object@>=1.0.2 <2.0.0
645 verbose addNamed ">=1.0.2 <2.0.0" is a valid semver range for is-date-object
646 silly addNameRange { name: 'is-date-object',
646 silly addNameRange   range: '>=1.0.2 <2.0.0',
646 silly addNameRange   hasData: false }
647 silly mapToRegistry name is-date-object
648 silly mapToRegistry using default registry
649 silly mapToRegistry registry https://registry.npmjs.org/
650 silly mapToRegistry uri https://registry.npmjs.org/is-date-object
651 verbose addNameRange registry:https://registry.npmjs.org/is-date-object not in flight; fetching
652 http 304 https://registry.npmjs.org/is-regex
653 verbose headers { date: 'Wed, 13 May 2020 03:06:39 GMT',
653 verbose headers   connection: 'keep-alive',
653 verbose headers   'set-cookie':
653 verbose headers    [ '__cfduid=d0516f60735f11419b5d8a9df4b3c6e0d1589339199; expires=Fri, 12-Jun-20 03:06:39 GMT; path=/; domain=.npmjs.org; HttpOnly; SameSite=Lax' ],
653 verbose headers   'cf-ray': '59292a2d6c93d076-CWB',
653 verbose headers   age: '1281',
653 verbose headers   'cache-control': 'public, max-age=300',
653 verbose headers   etag: '"bed96261eebc1611dbc6c00e5bb07a4e"',
653 verbose headers   'last-modified': 'Sun, 15 Dec 2019 23:58:21 GMT',
653 verbose headers   vary: 'Accept-Encoding',
653 verbose headers   'cf-cache-status': 'HIT',
653 verbose headers   'expect-ct': 'max-age=604800, report-uri="https://report-uri.cloudflare.com/cdn-cgi/beacon/expect-ct"',
653 verbose headers   server: 'cloudflare',
653 verbose headers   'cf-request-id': '02ad98b0610000d0768a9f1200000001' }
654 silly get cb [ 304,
654 silly get   { date: 'Wed, 13 May 2020 03:06:39 GMT',
654 silly get     connection: 'keep-alive',
654 silly get     'set-cookie':
654 silly get      [ '__cfduid=d0516f60735f11419b5d8a9df4b3c6e0d1589339199; expires=Fri, 12-Jun-20 03:06:39 GMT; path=/; domain=.npmjs.org; HttpOnly; SameSite=Lax' ],
654 silly get     'cf-ray': '59292a2d6c93d076-CWB',
654 silly get     age: '1281',
654 silly get     'cache-control': 'public, max-age=300',
654 silly get     etag: '"bed96261eebc1611dbc6c00e5bb07a4e"',
654 silly get     'last-modified': 'Sun, 15 Dec 2019 23:58:21 GMT',
654 silly get     vary: 'Accept-Encoding',
654 silly get     'cf-cache-status': 'HIT',
654 silly get     'expect-ct': 'max-age=604800, report-uri="https://report-uri.cloudflare.com/cdn-cgi/beacon/expect-ct"',
654 silly get     server: 'cloudflare',
654 silly get     'cf-request-id': '02ad98b0610000d0768a9f1200000001' } ]
655 verbose etag https://registry.npmjs.org/is-regex from cache
656 verbose get saving is-regex to /home/hmjussani/.npm/registry.npmjs.org/is-regex/.cache.json
657 verbose stack Error: Missing required argument #1
657 verbose stack     at andLogAndFinish (/usr/share/npm/lib/fetch-package-metadata.js:31:3)
657 verbose stack     at fetchPackageMetadata (/usr/share/npm/lib/fetch-package-metadata.js:51:22)
657 verbose stack     at resolveWithNewModule (/usr/share/npm/lib/install/deps.js:456:12)
657 verbose stack     at /usr/share/npm/lib/install/deps.js:457:7
657 verbose stack     at /usr/share/npm/node_modules/iferr/index.js:13:50
657 verbose stack     at /usr/share/npm/lib/fetch-package-metadata.js:37:12
657 verbose stack     at addRequestedAndFinish (/usr/share/npm/lib/fetch-package-metadata.js:82:5)
657 verbose stack     at returnAndAddMetadata (/usr/share/npm/lib/fetch-package-metadata.js:117:7)
657 verbose stack     at pickVersionFromRegistryDocument (/usr/share/npm/lib/fetch-package-metadata.js:134:20)
657 verbose stack     at /usr/share/npm/node_modules/iferr/index.js:13:50
658 verbose cwd /home/hmjussani/Workspace/apiTemp
659 error Linux 5.3.0-51-generic
660 error argv "/usr/bin/node" "/usr/bin/npm" "install" "--save" "firebase-admin"
661 error node v8.10.0
662 error npm  v3.5.2
663 error code EMISSINGARG
664 error typeerror Error: Missing required argument #1
664 error typeerror     at andLogAndFinish (/usr/share/npm/lib/fetch-package-metadata.js:31:3)
664 error typeerror     at fetchPackageMetadata (/usr/share/npm/lib/fetch-package-metadata.js:51:22)
664 error typeerror     at resolveWithNewModule (/usr/share/npm/lib/install/deps.js:456:12)
664 error typeerror     at /usr/share/npm/lib/install/deps.js:457:7
664 error typeerror     at /usr/share/npm/node_modules/iferr/index.js:13:50
664 error typeerror     at /usr/share/npm/lib/fetch-package-metadata.js:37:12
664 error typeerror     at addRequestedAndFinish (/usr/share/npm/lib/fetch-package-metadata.js:82:5)
664 error typeerror     at returnAndAddMetadata (/usr/share/npm/lib/fetch-package-metadata.js:117:7)
664 error typeerror     at pickVersionFromRegistryDocument (/usr/share/npm/lib/fetch-package-metadata.js:134:20)
664 error typeerror     at /usr/share/npm/node_modules/iferr/index.js:13:50
665 error typeerror This is an error with npm itself. Please report this error at:
665 error typeerror     <http://github.com/npm/npm/issues>
666 verbose exit [ 1, true ]
